['closedAt'],['createdAt'],['title'],['url']
2016-11/6,2016-11/6,missing libs?,https://github.com/spotbugs/spotbugs/issues/1
2016-11/26,2016-11/6,Build tools,https://github.com/spotbugs/spotbugs/issues/4
2017-8/30,2016-11/6,New website,https://github.com/spotbugs/spotbugs/issues/5
,2016-11/6,Proper support for INVOKEDYNAMIC,https://github.com/spotbugs/spotbugs/issues/6
2017-10/14,2016-11/6,Maven Support,https://github.com/spotbugs/spotbugs/issues/8
2016-12/1,2016-11/6,Dead code removal,https://github.com/spotbugs/spotbugs/issues/9
2016-11/27,2016-11/6,Unit testing,https://github.com/spotbugs/spotbugs/issues/10
2016-11/14,2016-11/7,Bill Emerges,https://github.com/spotbugs/spotbugs/issues/14
2016-11/30,2016-11/7,Gradle support,https://github.com/spotbugs/spotbugs/issues/15
2016-11/8,2016-11/7,Deal with Locale provider changes in JRE9,https://github.com/spotbugs/spotbugs/issues/17
2016-11/15,2016-11/8,Support running under Java7,https://github.com/spotbugs/spotbugs/issues/19
2016-12/6,2016-11/8,@CheckForNull and @Nonnull not working within lambdas,https://github.com/spotbugs/spotbugs/issues/20
2016-11/15,2016-11/13,Replace logo within source,https://github.com/spotbugs/spotbugs/issues/25
2019-3/4,2016-11/15,Make SpecialKind handling thread-safe,https://github.com/spotbugs/spotbugs/issues/28
2017-1/26,2016-11/17,Travis: deploy SNAPSHOT artifact to Maven repository,https://github.com/spotbugs/spotbugs/issues/30
2016-11/20,2016-11/19,findbugs/bin not committed?,https://github.com/spotbugs/spotbugs/issues/31
2017-2/18,2016-11/22,Logo idea(s),https://github.com/spotbugs/spotbugs/issues/36
2016-11/30,2016-11/30,"Error: ""One or more required BCEL classes were missing.""",https://github.com/spotbugs/spotbugs/issues/42
2017-1/22,2016-12/2,RFC: idea to distribute test harness for plugin developers,https://github.com/spotbugs/spotbugs/issues/53
2016-12/3,2016-12/3,how does one get around this,https://github.com/spotbugs/spotbugs/issues/58
2017-1/27,2016-12/5,ClassFormatException: Constant pool at index 0 is null,https://github.com/spotbugs/spotbugs/issues/60
2016-12/7,2016-12/7,Build fails on Eclipse plugin - missing local.properties,https://github.com/spotbugs/spotbugs/issues/75
2020-9/29,2016-12/7,IllegalArgumentException in OpcodeStack.constantToInt,https://github.com/spotbugs/spotbugs/issues/78
2021-4/3,2016-12/7,False positive OBL_UNSATIFIED_OBLIGATION with try with resources,https://github.com/spotbugs/spotbugs/issues/79
2016-12/12,2016-12/7,Dogfooding - should classes be Serializable?,https://github.com/spotbugs/spotbugs/issues/81
2017-9/4,2016-12/7,Make SpotBugs pass FindBugs checks,https://github.com/spotbugs/spotbugs/issues/82
2017-7/1,2016-12/7,Import some of the fb-contrib utils,https://github.com/spotbugs/spotbugs/issues/83
,2016-12/9,Unreachable code in DroppedException.visit,https://github.com/spotbugs/spotbugs/issues/84
2017-1/9,2016-12/9,False positive when dogfooding UC_USELESS_CONDITION?,https://github.com/spotbugs/spotbugs/issues/86
,2016-12/9,False positive dogfooding TQ_COMPARING_VALUES_WITH_INCOMPATIBLE_TYPE_QUALIFIERS,https://github.com/spotbugs/spotbugs/issues/87
2017-9/21,2016-12/17,Ask to release BCEL 6.1,https://github.com/spotbugs/spotbugs/issues/89
,2016-12/23,UselessCode FP,https://github.com/spotbugs/spotbugs/issues/91
,2016-12/26,[False Positive][ interprocedural ] is_null_checked  test is not that robust,https://github.com/spotbugs/spotbugs/issues/95
2017-6/7,2016-12/26,android annotation support?,https://github.com/spotbugs/spotbugs/issues/96
2017-4/20,2017-1/25,Break cyclic dependency among Eclipse projects,https://github.com/spotbugs/spotbugs/issues/108
2017-10/25,2017-1/27,Release SpotBugs 3.1.0,https://github.com/spotbugs/spotbugs/issues/111
2017-2/11,2017-2/7,[Eclipse] ClassNotFoundException: de.tobject.findbugs.view.UserAnnotationsView ,https://github.com/spotbugs/spotbugs/issues/118
2017-7/1,2017-2/9,Absorb existing findbugs pull requests?,https://github.com/spotbugs/spotbugs/issues/120
2017-7/1,2017-2/11,ArrayIndexOutOfBoundsException with Findbugs 3.0.1,https://github.com/spotbugs/spotbugs/issues/121
2017-2/15,2017-2/12,Errors in findbugs-maven-plugin,https://github.com/spotbugs/spotbugs/issues/123
2017-10/5,2017-2/18,Annotations should not be deprecated.,https://github.com/spotbugs/spotbugs/issues/130
2017-4/16,2017-2/21,create custom gradle plugin,https://github.com/spotbugs/spotbugs/issues/133
2017-2/22,2017-2/21,"ant task, annotations and test-harness depends on `com.github.spotbugs:findbugs:3.1.0-RC1`",https://github.com/spotbugs/spotbugs/issues/135
2017-4/17,2017-2/22,Problem found when integrating with SonarQube,https://github.com/spotbugs/spotbugs/issues/136
,2017-2/27,Store loaded plugin to instance field instead of static field,https://github.com/spotbugs/spotbugs/issues/144
2017-7/1,2017-3/3,Eclipse plugin: Not able to view bug details,https://github.com/spotbugs/spotbugs/issues/147
2017-7/20,2017-3/7,"Cannot run FindBugs on JDK9: ""Resource not found: java/lang/Object.class""",https://github.com/spotbugs/spotbugs/issues/148
,2017-3/10,Support reports (and fixes) through the language server protocol,https://github.com/spotbugs/spotbugs/issues/149
,2017-3/29,"Add filter option 'visibility' for fields, classes, methods",https://github.com/spotbugs/spotbugs/issues/150
2017-4/18,2017-4/18,"Eclipse setup is wrong, cycle project dependencies",https://github.com/spotbugs/spotbugs/issues/151
2017-4/18,2017-4/18,spotbugsTestCases has compile errors in Eclipse,https://github.com/spotbugs/spotbugs/issues/152
2017-6/26,2017-4/18,Eclipse plugin debug is broken,https://github.com/spotbugs/spotbugs/issues/153
2017-4/20,2017-4/18,Change Eclipse plugin id,https://github.com/spotbugs/spotbugs/issues/155
2017-5/31,2017-4/18,Enable tests disabled in #154,https://github.com/spotbugs/spotbugs/issues/156
2017-6/26,2017-4/23,EclipsePlugin-tests plugin classpath is broken,https://github.com/spotbugs/spotbugs/issues/160
2017-5/15,2017-4/26,TypeMatcher is missing in filter documentation,https://github.com/spotbugs/spotbugs/issues/161
2017-5/14,2017-5/11,Annotating both @Inject and @Nonnull doesn't work ,https://github.com/spotbugs/spotbugs/issues/167
2017-6/13,2017-5/16,Inconsistency between CLI and Eclipse plugin: JRE should be Discovered.IN_SYSTEM_CLASSPATH,https://github.com/spotbugs/spotbugs/issues/171
2017-5/18,2017-5/16,Time for Release,https://github.com/spotbugs/spotbugs/issues/172
2017-5/18,2017-5/17,Add licence file,https://github.com/spotbugs/spotbugs/issues/174
2017-6/9,2017-5/20,Source jar of SpotBugs 3.1.0 does not contain source of repackaged BCEL,https://github.com/spotbugs/spotbugs/issues/176
2017-8/30,2017-5/22,Clarify backwards compatibility with existing FindBugs integrations,https://github.com/spotbugs/spotbugs/issues/177
2017-5/27,2017-5/24,Cannot build a project downloaded with ZIP.,https://github.com/spotbugs/spotbugs/issues/178
,2017-5/29,AbstractBugReporter emits wrong non-sensical debug output during filtering,https://github.com/spotbugs/spotbugs/issues/184
2017-6/8,2017-5/30,"ant plugin does not accept ""userPrefs""",https://github.com/spotbugs/spotbugs/issues/185
,2017-5/30,SpotBugs detector targeting static files,https://github.com/spotbugs/spotbugs/issues/186
,2017-5/30,Include reference to the original class file,https://github.com/spotbugs/spotbugs/issues/187
,2017-5/31,Allow BugAnnotation descriptions/roles to be extended,https://github.com/spotbugs/spotbugs/issues/188
2017-7/1,2017-5/31,"False positive ""Comparison of String objects using == or != in ..."" warning.",https://github.com/spotbugs/spotbugs/issues/189
2017-6/29,2017-6/1,Run sonar analysis at continuous integration,https://github.com/spotbugs/spotbugs/issues/190
2017-6/1,2017-6/1,./gradlew clean test does not run,https://github.com/spotbugs/spotbugs/issues/192
,2017-6/1,Move built-in detectors to their own plugin,https://github.com/spotbugs/spotbugs/issues/193
,2017-6/8,Error looking up nonnull parameters for invoked method,https://github.com/spotbugs/spotbugs/issues/200
,2017-6/9,Classpath of multiple Eclipse-enabled FindBugs plugins may clash,https://github.com/spotbugs/spotbugs/issues/201
2017-6/12,2017-6/9,Gradle build fails to build eclipsePlugin under macOS,https://github.com/spotbugs/spotbugs/issues/203
2017-6/10,2017-6/10,Eclipse Buildship doesn’t find eclipsePlugin(-junit) during import,https://github.com/spotbugs/spotbugs/issues/206
2017-6/26,2017-6/12,Decide which Eclipse version our eclipsePlugin supports,https://github.com/spotbugs/spotbugs/issues/208
2017-7/7,2017-6/12,Compatibility with (and update for) existing FindBugs Eclipse plugin,https://github.com/spotbugs/spotbugs/issues/209
2017-6/13,2017-6/12,Allow additional keywords to search for SpotBugs preference page,https://github.com/spotbugs/spotbugs/issues/210
2017-6/26,2017-6/18,bin/fb script cannot find or load main class edu.umd.cs.findbugs.workflow.FB,https://github.com/spotbugs/spotbugs/issues/212
2017-7/2,2017-6/19,unable to infer FindBugs version using gradle plugin 1.1,https://github.com/spotbugs/spotbugs/issues/214
2017-6/28,2017-6/23,Earlier/LaterSubtypes ordering constraint supports only supertypes from SpotBugs itself,https://github.com/spotbugs/spotbugs/issues/215
,2017-6/26,Missing classes not in report if using IErrorLogger.reportMissingClass(ClassDescriptor),https://github.com/spotbugs/spotbugs/issues/219
,2017-6/26,Consolidate script implementations,https://github.com/spotbugs/spotbugs/issues/221
2017-7/18,2017-7/1,Spotbugs forum/mailing list,https://github.com/spotbugs/spotbugs/issues/228
2017-7/7,2017-7/2,Eclipse plugin installation data still uses some FindBugs references,https://github.com/spotbugs/spotbugs/issues/232
2017-7/7,2017-7/3,jce.jar is missing on classpath if running analysis in Eclipse,https://github.com/spotbugs/spotbugs/issues/235
2017-7/7,2017-7/3,"SpotBugs plugin redefines builder and nature id, breaks project settings compatibility",https://github.com/spotbugs/spotbugs/issues/236
2017-7/4,2017-7/4,Separate unit from integration tests,https://github.com/spotbugs/spotbugs/issues/240
2017-7/7,2017-7/4,Don’t distribute test-only JDepend dependency,https://github.com/spotbugs/spotbugs/issues/242
,2017-7/5,Eclipse: define workspace setting to 'run automatically',https://github.com/spotbugs/spotbugs/issues/244
,2017-7/7,Performance improvements,https://github.com/spotbugs/spotbugs/issues/249
2017-7/7,2017-7/7,Gradle plugin 1.1 fails to run task,https://github.com/spotbugs/spotbugs/issues/250
,2017-7/8,SAX error in Eclipse while reading exclude filter file,https://github.com/spotbugs/spotbugs/issues/251
2017-8/30,2017-7/12,Performance issue with large number of source dirs,https://github.com/spotbugs/spotbugs/issues/253
2017-9/7,2017-7/12,Android: Unable to import spotbugs.gradlePlugin:1.1 (Failed to notify project evaluation listener > com.google.common.base.Objects.firstNonNull),https://github.com/spotbugs/spotbugs/issues/256
2017-7/18,2017-7/13,Use Closeable/AutoClosable where possible,https://github.com/spotbugs/spotbugs/issues/258
2020-8/27,2017-7/14,false positive RCN_REDUNDANT_NULLCHECK_OF_NONNULL_VALUE on try-with-resources,https://github.com/spotbugs/spotbugs/issues/259
2017-8/7,2017-7/14,Distribute XML Schema files as part of Maven artifact again,https://github.com/spotbugs/spotbugs/issues/261
2019-1/23,2017-7/14,Avoid using Constants interface deprecated in BCEL 6.x,https://github.com/spotbugs/spotbugs/issues/262
2017-8/9,2017-7/17,Consume ASM 6.0 BETA,https://github.com/spotbugs/spotbugs/issues/268
,2017-7/22,BugInstance should also be keyed by plugin id,https://github.com/spotbugs/spotbugs/issues/274
2017-7/25,2017-7/23,build generates files in main source directories,https://github.com/spotbugs/spotbugs/issues/277
,2017-7/24,Check for @OverridingMethodsMustInvokeSuper,https://github.com/spotbugs/spotbugs/issues/281
2022-2/9,2017-7/25,"UI Freezes during ""bug count"" decoration",https://github.com/spotbugs/spotbugs/issues/285
2017-8/7,2017-7/26,Gradle should update artifacts.xml and content.xml even though eclipsePlugin/build/site already has them,https://github.com/spotbugs/spotbugs/issues/287
,2017-7/27,FP: TQ_MAYBE_SOURCE_VALUE_REACHES_ALWAYS_SINK: LazySequence,https://github.com/spotbugs/spotbugs/issues/288
2017-8/2,2017-7/27,Remove the YourKit profiling callback,https://github.com/spotbugs/spotbugs/issues/289
2017-9/21,2017-7/29,Gradle plugin prints Findbugs,https://github.com/spotbugs/spotbugs/issues/291
2017-9/26,2017-7/31,classesDir is deprecated,https://github.com/spotbugs/spotbugs/issues/292
,2017-7/31,OBL_UNSATISFIED_OBLIGATION false positive,https://github.com/spotbugs/spotbugs/issues/293
2018-8/7,2017-8/2,Bring jFormatString library under the SpotBugs umbrella,https://github.com/spotbugs/spotbugs/issues/295
,2017-8/2,Filter: empty and ignores all,https://github.com/spotbugs/spotbugs/issues/296
,2017-8/2,supply an xsd,https://github.com/spotbugs/spotbugs/issues/297
2017-8/3,2017-8/3,gradle using multiple source directories in the future,https://github.com/spotbugs/spotbugs/issues/299
2018-2/24,2017-8/3,Upgrade DOM4J from 1.6.1 to 2.1.0,https://github.com/spotbugs/spotbugs/issues/300
2017-8/9,2017-8/8,Upload of the daily snapshot to gh pages doesn't work,https://github.com/spotbugs/spotbugs/issues/308
2018-6/28,2017-8/10,WrappedRuntimeException: Premature end of file.,https://github.com/spotbugs/spotbugs/issues/312
2017-9/6,2017-8/16,Cannot convert the provided notation to a File or URI: classesDirs,https://github.com/spotbugs/spotbugs/issues/320
2017-8/18,2017-8/17,All command line scripts are broken,https://github.com/spotbugs/spotbugs/issues/323
2017-8/19,2017-8/18,spotbugs.jar and eclipse-plugin.jar contain unexpected 3rd party classes,https://github.com/spotbugs/spotbugs/issues/326
2017-9/21,2017-8/18,Remove maven/bcel hack from spotbugs.jar,https://github.com/spotbugs/spotbugs/issues/327
2017-8/19,2017-8/18,distribution does not contain plugin/README anymore,https://github.com/spotbugs/spotbugs/issues/328
2017-9/11,2017-8/18,Duplicate resources in *-sources.jar,https://github.com/spotbugs/spotbugs/issues/329
2017-8/20,2017-8/18,Add LICENSE file to the project,https://github.com/spotbugs/spotbugs/issues/332
2017-9/1,2017-8/22,Problem dealing with lambda,https://github.com/spotbugs/spotbugs/issues/338
2017-9/27,2017-8/22,Many warnings during Travis build,https://github.com/spotbugs/spotbugs/issues/340
2017-8/23,2017-8/22,Gradle deprecation error in Travis build,https://github.com/spotbugs/spotbugs/issues/341
2017-8/31,2017-8/23,[docs][suggestion] Explain how to run gradle plugin,https://github.com/spotbugs/spotbugs/issues/342
2017-9/27,2017-8/26,Minimum Eclipse version confusion,https://github.com/spotbugs/spotbugs/issues/354
2017-10/1,2017-9/1,"""Resource not found"" error if running with old Gradle < 1.4",https://github.com/spotbugs/spotbugs/issues/357
2021-11/3,2017-9/6,Support for registering multiple instances of BugReporter,https://github.com/spotbugs/spotbugs/issues/366
,2017-9/7,Poor logic in FindNoSideEffectMethods.hasNoSideEffect,https://github.com/spotbugs/spotbugs/issues/367
2017-9/17,2017-9/11,"FindNullDeref fails with ""DataflowAnalysisException: can't get position -1 of stack"" on methods with lambda",https://github.com/spotbugs/spotbugs/issues/371
2017-9/25,2017-9/12,Consume final ASM 6,https://github.com/spotbugs/spotbugs/issues/373
2020-8/17,2017-9/13,@ParametersAreNonnullByDefault ignored for private methods if set on package or class level.,https://github.com/spotbugs/spotbugs/issues/374
2017-9/17,2017-9/15,Eclipse plugin can't resolve contributed library variables anymore,https://github.com/spotbugs/spotbugs/issues/379
2017-9/15,2017-9/15,Provide meaningful Eclipse project settings,https://github.com/spotbugs/spotbugs/issues/380
2017-12/28,2017-9/15,Make a package for homebrew,https://github.com/spotbugs/spotbugs/issues/383
,2017-9/16,SerializableIdiom: warnings on creating markers in Eclipse for SE_BAD_FIELD on inner classes,https://github.com/spotbugs/spotbugs/issues/385
2017-9/18,2017-9/16,Cleanup redundant type arguments,https://github.com/spotbugs/spotbugs/issues/386
2017-9/21,2017-9/21,Errors analyzing I2F and I2D,https://github.com/spotbugs/spotbugs/issues/389
2020-8/17,2017-9/21,Show warning for assertTrue(xxx instanceof SomeClass) in junit tests,https://github.com/spotbugs/spotbugs/issues/390
2017-9/25,2017-9/25,Few ASM packages are missing after update to ASM6,https://github.com/spotbugs/spotbugs/issues/400
2017-9/26,2017-9/25,RC6 spotbugs.jar manifest is incorrect,https://github.com/spotbugs/spotbugs/issues/405
2017-10/24,2017-9/25,SpotBugs is not handling module-info.class,https://github.com/spotbugs/spotbugs/issues/408
2017-9/26,2017-9/26,Gradle warning while running spotbugs:findbugsMain task,https://github.com/spotbugs/spotbugs/issues/409
2017-9/27,2017-9/27,JDK9 issue regarding the version,https://github.com/spotbugs/spotbugs/issues/412
2017-9/29,2017-9/28,Errors interpreting ldiv values,https://github.com/spotbugs/spotbugs/issues/413
2017-10/13,2017-9/28,Test command line scripts on both of Win and Linux,https://github.com/spotbugs/spotbugs/issues/415
,2017-9/29,Launching SpotBugs GUI on macOS triggers exception,https://github.com/spotbugs/spotbugs/issues/418
,2017-9/29,Support JSR308 Annotations on Java Types,https://github.com/spotbugs/spotbugs/issues/419
,2017-9/29,File from auxiliary classpath not found error - encoding,https://github.com/spotbugs/spotbugs/issues/420
,2017-9/29,Remove dependency on JSR305 annotations,https://github.com/spotbugs/spotbugs/issues/421
2017-10/7,2017-9/30,gradle failed with java.lang.IllegalArgumentException: path may not be null or empty string. path='null',https://github.com/spotbugs/spotbugs/issues/423
2017-9/30,2017-9/30,Java requirements clarification,https://github.com/spotbugs/spotbugs/issues/427
2017-10/13,2017-10/3,CheckReturnValue annotation applied to package is not enforced,https://github.com/spotbugs/spotbugs/issues/429
2017-10/4,2017-10/3,Bug descriptions,https://github.com/spotbugs/spotbugs/issues/430
,2017-10/4,OBL_UNSATISFIED_OBLIGATION false positive with Java 9,https://github.com/spotbugs/spotbugs/issues/432
2017-10/7,2017-10/6,One or more required BCEL classes were missing,https://github.com/spotbugs/spotbugs/issues/436
,2017-10/7,TypeQualifier series should be supported by spotbugs-annotations,https://github.com/spotbugs/spotbugs/issues/437
,2017-10/7,BuildCheckReturnAnnotationDatabase should visit classes in AUX_CLASSPATH,https://github.com/spotbugs/spotbugs/issues/438
2017-10/8,2017-10/7,Eclipse update sites are empty,https://github.com/spotbugs/spotbugs/issues/439
2017-10/13,2017-10/8,Gradle plugin no longer depends on compile task,https://github.com/spotbugs/spotbugs/issues/440
,2017-10/16,Treat unit test setup methods as constructors for UWF_FIELD_NOT_INITIALIZED_IN_CONSTRUCTOR,https://github.com/spotbugs/spotbugs/issues/453
,2017-10/16,False positive on CO_ABSTRACT_SELF ?,https://github.com/spotbugs/spotbugs/issues/454
,2017-10/17,Possible Nullpointer dereference - False positive,https://github.com/spotbugs/spotbugs/issues/456
,2017-10/20,Enhance Command Line XML Output Options,https://github.com/spotbugs/spotbugs/issues/459
,2017-10/22,Duplicate rules: fb-contrib:NAB_NEEDLESS_BOXING_PARSE and findbugs:DM_BOXED_PRIMITIVE_FOR_PARSING,https://github.com/spotbugs/spotbugs/issues/460
,2017-10/22,Wrong NP_NULL_ON_SOME_PATH warning if Preconditions check contains line break ,https://github.com/spotbugs/spotbugs/issues/462
2018-1/28,2017-10/22,RV_RETURN_VALUE_IGNORED should not be reported for methods annotated with '@com.google.errorprone.annotations.CanIgnoreReturnValue',https://github.com/spotbugs/spotbugs/issues/463
2018-1/21,2017-10/22,Support for filtering by annotation,https://github.com/spotbugs/spotbugs/issues/464
,2017-10/22,Support a @WaitLike attribute on methods,https://github.com/spotbugs/spotbugs/issues/466
,2017-10/23,FR: Support treating user-chosen methods like known methods,https://github.com/spotbugs/spotbugs/issues/467
,2017-10/23,OS_OPEN_STREAM_EXCEPTION_PATH not detected,https://github.com/spotbugs/spotbugs/issues/469
,2017-10/23,"Add support for Java 1.8 TYPE_USE, TYPE_PARAMETER to @NonNull, @Nullable",https://github.com/spotbugs/spotbugs/issues/470
,2017-10/23,Incompatibility of null annotations between Eclipse and Findbugs,https://github.com/spotbugs/spotbugs/issues/471
2017-10/24,2017-10/23,Release builds of Eclipse plugin should have version higher as nightly builds,https://github.com/spotbugs/spotbugs/issues/472
2018-1/23,2017-10/25,spotbugs API is not exported by the Eclipse plugin anymore,https://github.com/spotbugs/spotbugs/issues/478
2017-11/14,2017-10/26,Path separation problem,https://github.com/spotbugs/spotbugs/issues/479
,2017-10/26,Move Eclipse plugin in a separated repository,https://github.com/spotbugs/spotbugs/issues/480
2017-10/29,2017-10/29,M2E connector for spotbugs?,https://github.com/spotbugs/spotbugs/issues/482
2017-10/31,2017-10/30,SpotBugs fails to detect unclosed stream,https://github.com/spotbugs/spotbugs/issues/483
2018-1/13,2017-10/30,NP_NONNULL_PARAM_VIOLATION false-positive,https://github.com/spotbugs/spotbugs/issues/484
2017-10/30,2017-10/30,XSS False positive when using OWASP Encoder taglib,https://github.com/spotbugs/spotbugs/issues/485
2017-12/1,2017-10/30,Eclipse plugin m2e-code-quality broken when switching from the FindBugs to the SpotBugs Eclipse plugin due to changed feature name,https://github.com/spotbugs/spotbugs/issues/486
,2017-10/30,Gradle build doesn’t seem to execute tests during :eclipsePlugin-test:test,https://github.com/spotbugs/spotbugs/issues/488
,2017-11/1,ER: Improve instanceof Testing,https://github.com/spotbugs/spotbugs/issues/491
2018-6/23,2017-11/3,xsd out of date in 3.1.0,https://github.com/spotbugs/spotbugs/issues/492
,2017-11/3,Try-with-resources and java9 shows bugs,https://github.com/spotbugs/spotbugs/issues/493
,2017-11/5,Stop depending on needless asm artifacts,https://github.com/spotbugs/spotbugs/issues/494
2017-11/8,2017-11/8,COM_COPIED_OVERRIDDEN_METHOD false positive,https://github.com/spotbugs/spotbugs/issues/495
,2017-11/8,about.html in plugin does not mention necessary licenses,https://github.com/spotbugs/spotbugs/issues/496
2018-2/24,2017-11/9,java.io.IOException: Wrong magic bytes of ...,https://github.com/spotbugs/spotbugs/issues/497
,2017-11/13,anonymous inner classes aren't recognized in exclude list,https://github.com/spotbugs/spotbugs/issues/498
2017-11/14,2017-11/13,upgrade dom4j version and fix JDK 9 warning,https://github.com/spotbugs/spotbugs/issues/499
2018-9/13,2017-11/13,"FindUnrelatedTypesInGenericContainer throws IAE on Java 9 (""Not a reference type: <bottom>"")",https://github.com/spotbugs/spotbugs/issues/500
2017-11/20,2017-11/19,Eclipse plugin extension name clash with old Findbugs plugin,https://github.com/spotbugs/spotbugs/issues/502
,2017-11/24,Closure pass,https://github.com/spotbugs/spotbugs/issues/503
2022-2/6,2017-11/28,Frequent UI freezes in Eclipse when SpotBugs is installed,https://github.com/spotbugs/spotbugs/issues/504
2018-2/20,2017-11/29,Too loud output,https://github.com/spotbugs/spotbugs/issues/506
,2017-12/7,False positive with @RequestParam NP_NULL_PARAM_DEREF_ALL_TARGETS_DANGEROUS,https://github.com/spotbugs/spotbugs/issues/508
,2017-12/8,Eclipse plugin: Finished dialog comes up early,https://github.com/spotbugs/spotbugs/issues/509
2017-12/14,2017-12/14,The download site for the Eclipse plugin is dead,https://github.com/spotbugs/spotbugs/issues/510
,2017-12/18,Adhering to EQ_DOESNT_OVERRIDE_EQUALS requires violation of equals method contract,https://github.com/spotbugs/spotbugs/issues/511
,2017-12/27,Feature request: Collectors.toMap + null,https://github.com/spotbugs/spotbugs/issues/513
2020-3/27,2018-1/2,Initial migration of the FindBugs-IDEA plugin to SpotBugs,https://github.com/spotbugs/spotbugs/issues/515
2018-2/12,2018-1/3,Unused variable reported with wrong name,https://github.com/spotbugs/spotbugs/issues/516
2018-2/25,2018-1/4,RV_RETURN_VALUE_IGNORED should check com.google.errorprone.annotations.CanIgnoreReturnValue,https://github.com/spotbugs/spotbugs/issues/518
2018-1/13,2018-1/4,Merge 3.1.x fixes into 4.0,https://github.com/spotbugs/spotbugs/issues/519
2018-1/7,2018-1/5,Maven plugin spot-bugs leads to mvn incompatibilities in other plugins,https://github.com/spotbugs/spotbugs/issues/521
2021-9/6,2018-1/6,Supported annotations are not documented?,https://github.com/spotbugs/spotbugs/issues/522
2018-1/30,2018-1/8,Support @org.checkerframework.checker.nullness.compatqual.NullableDecl etc.,https://github.com/spotbugs/spotbugs/issues/523
2018-2/9,2018-1/8,Gradle Plugin 1.6 does not seem to be working with android,https://github.com/spotbugs/spotbugs/issues/524
,2018-1/9,Should not fail when there are no classes for inspection,https://github.com/spotbugs/spotbugs/issues/525
,2018-1/11,Lambda methods reported as missing classes,https://github.com/spotbugs/spotbugs/issues/527
2018-4/28,2018-1/12,"Gradle build failing with ""Failed to run Gradle SpotBugs Worker""",https://github.com/spotbugs/spotbugs/issues/530
2018-1/13,2018-1/13,Error during deployment to eclipse daily site ,https://github.com/spotbugs/spotbugs/issues/531
,2018-1/16,must be non-null but is marked as nullable with StringUtils.isBlank() check,https://github.com/spotbugs/spotbugs/issues/536
2021-11/11,2018-1/19,Document how to integrate FInd Security Bugs + FB-Contrib into Maven & Gradle plugins,https://github.com/spotbugs/spotbugs/issues/540
,2018-1/21,Program code is not showing on spotbugs gui source code pane,https://github.com/spotbugs/spotbugs/issues/542
,2018-1/22,Support for filtering by annotation,https://github.com/spotbugs/spotbugs/issues/543
,2018-1/22,[Eclipse] Spotbugs perspective not opened after analysis,https://github.com/spotbugs/spotbugs/issues/544
,2018-1/23,Should error when trying to pass null value from a list  as @NonNull parameter,https://github.com/spotbugs/spotbugs/issues/545
,2018-1/23,Should error when checking for null even though parameter is annotated with @NonNull,https://github.com/spotbugs/spotbugs/issues/546
2018-1/30,2018-1/23,"Error on lambda analysis: ""Constant pool at index 0 is null.""",https://github.com/spotbugs/spotbugs/issues/547
2018-1/28,2018-1/24,java.lang.IllegalArgumentException: Unable to register token in file WebContent/chilexpress/reportes.jsp,https://github.com/spotbugs/spotbugs/issues/548
2018-1/28,2018-1/24,"Exception processing 'pushByLongMath' with opcode 109, lhs < J, 0, cbz > and rhs < J, 0, cbz >",https://github.com/spotbugs/spotbugs/issues/549
,2018-1/31,Nullable check fails when referenced inside a lambda,https://github.com/spotbugs/spotbugs/issues/552
,2018-2/5,Add ability to specify annotation type in filter file.,https://github.com/spotbugs/spotbugs/issues/553
,2018-2/5,SpotBugs lifecycle and event when a scan completed,https://github.com/spotbugs/spotbugs/issues/555
2018-9/17,2018-2/7,Eclipse plugin does not detect any bugs,https://github.com/spotbugs/spotbugs/issues/556
2018-2/25,2018-2/13,java.io.IOException: Wrong magic bytes of 4a4d4820 for zip file,https://github.com/spotbugs/spotbugs/issues/557
2018-5/9,2018-2/18,Add explanation about -pluginList option,https://github.com/spotbugs/spotbugs/issues/558
,2018-2/19,No warning about unnecessary un-/boxing when incrementing Integer,https://github.com/spotbugs/spotbugs/issues/559
,2018-2/19,SIC_INNER_SHOULD_BE_STATIC: should be ignored on classes with JUnit5's @Nested,https://github.com/spotbugs/spotbugs/issues/560
,2018-2/20,Objects.deepEquals with known types,https://github.com/spotbugs/spotbugs/issues/561
,2018-2/21,NP_NONNULL_RETURN_VIOLATION: Inconsistent reporting,https://github.com/spotbugs/spotbugs/issues/562
2018-4/14,2018-2/21,Question about 549 and 413,https://github.com/spotbugs/spotbugs/issues/563
2020-11/28,2018-2/23,Rank matcher and its documentation do not match,https://github.com/spotbugs/spotbugs/issues/566
,2018-2/23,UWF_FIELD_NOT_INITIALIZED_IN_CONSTRUCTOR: false positive,https://github.com/spotbugs/spotbugs/issues/567
,2018-2/25,[3.1.2] DLS_DEAD_LOCAL_STORE false-positive (regression),https://github.com/spotbugs/spotbugs/issues/571
2018-5/8,2018-2/26,LO_INVALID_STRING_FORMAT_NOTATION should handle Log4j2 formatter logger,https://github.com/spotbugs/spotbugs/issues/572
,2018-2/27,Any plans to support kotlin?,https://github.com/spotbugs/spotbugs/issues/573
,2018-2/28,URF_UNREAD_FIELD: should be ignored on test class fields annotated with JUnit5's @RegisterExtension,https://github.com/spotbugs/spotbugs/issues/574
2018-3/12,2018-3/2,Manifest missing from jar after ./gradlew build,https://github.com/spotbugs/spotbugs/issues/575
2018-3/10,2018-3/7,404,https://github.com/spotbugs/spotbugs/issues/577
2018-6/8,2018-3/9,False positive: 'return value ignored' on Guavas Preconditions.checkNotNull(),https://github.com/spotbugs/spotbugs/issues/578
2018-5/13,2018-3/9,False positive: 'parameter must be non null' even though parameter was checked by Guavas Preconditions.checkNotNull(),https://github.com/spotbugs/spotbugs/issues/580
2018-4/3,2018-3/9,Support for error_prone's @CanIgnoreReturnValue does not work for guava < 23.6-jre,https://github.com/spotbugs/spotbugs/issues/582
2018-3/12,2018-3/9,Dead links in Eclipse Marketplace,https://github.com/spotbugs/spotbugs/issues/583
2018-5/8,2018-3/12,Is it possible to develop a new spotbugs plugin to analyze XML configuration files?,https://github.com/spotbugs/spotbugs/issues/585
,2018-3/12,Null Boolean autoboxing to boolean,https://github.com/spotbugs/spotbugs/issues/586
2018-3/20,2018-3/16,Add a detector to check if placeholder correct when call log.[info|error|warn|debug|trace].,https://github.com/spotbugs/spotbugs/issues/587
,2018-3/17,Plugin file handles are leaking,https://github.com/spotbugs/spotbugs/issues/589
2018-10/19,2018-3/19,Is there a detector that detects the problem of synchronized on local variables?,https://github.com/spotbugs/spotbugs/issues/590
2018-4/9,2018-3/21,Spotbugs 3.1.2 don't run in Java 10,https://github.com/spotbugs/spotbugs/issues/593
2018-3/22,2018-3/21,Java 9 Illegal reflective access warning,https://github.com/spotbugs/spotbugs/issues/594
2018-5/7,2018-3/23,RANGE_ARRAY_LENGHT and RANGE_ARRAY_OFFSET false negative,https://github.com/spotbugs/spotbugs/issues/595
2018-4/28,2018-3/24,Java 9 Illegal reflective access groovy 2.4.13,https://github.com/spotbugs/spotbugs/issues/598
,2018-3/28,redundant null check doesn't recognize new pattern generated by javac in JDK 11,https://github.com/spotbugs/spotbugs/issues/600
2018-11/23,2018-3/29,Dataflow generates too much log,https://github.com/spotbugs/spotbugs/issues/601
2018-5/7,2018-3/30,EI_EXPOSE_REP2: Inconsistent reporting,https://github.com/spotbugs/spotbugs/issues/603
,2018-3/30,CNT_ROUGH_CONSTANT_VALUE fires on float constants defined with predefined library constants,https://github.com/spotbugs/spotbugs/issues/604
2018-4/2,2018-3/30,Unit test ClassFactoryTest.ignoreUnreadableFile fails on Windows,https://github.com/spotbugs/spotbugs/issues/605
,2018-4/5,Exception analyzing ... using detector edu.umd.cs.findbugs.detect.RedundantConditions,https://github.com/spotbugs/spotbugs/issues/608
2018-4/12,2018-4/11,Java9 Cannot omit visitor SerializableIdiom,https://github.com/spotbugs/spotbugs/issues/611
2018-4/28,2018-4/16,Adding SpotBugs as plugin causes JavaCC compile failure,https://github.com/spotbugs/spotbugs/issues/612
2020-6/10,2018-4/26,"Regression in 3.1.3: false alarm for ""Parameter must be non-null but is marked as nullable""",https://github.com/spotbugs/spotbugs/issues/616
,2018-5/3,Encountering false positives with newer versions of Guava that use @NullableDecl,https://github.com/spotbugs/spotbugs/issues/621
,2018-5/3,Add PMD self-checks,https://github.com/spotbugs/spotbugs/issues/623
,2018-5/4,Project structure for eclipse plugin,https://github.com/spotbugs/spotbugs/issues/625
,2018-5/5,Possible logic error: UselessSubclassMethod.differentAttributes,https://github.com/spotbugs/spotbugs/issues/626
,2018-5/7,Support for Kotlin precondition methods,https://github.com/spotbugs/spotbugs/issues/628
,2018-5/7,Useless assertion in FindInconsistentSync2,https://github.com/spotbugs/spotbugs/issues/629
,2018-5/8,NP_METHOD_PARAMETER_TIGHTENS_ANNOTATION erroneously issued,https://github.com/spotbugs/spotbugs/issues/631
2018-5/9,2018-5/9,UncallableMethodOfAnonymousClass logic error regarding multiple matches,https://github.com/spotbugs/spotbugs/issues/632
,2018-5/9,NP_METHOD_PARAMETER_TIGHTENS_ANNOTATION erroneously issued on equals(@Nullable Object),https://github.com/spotbugs/spotbugs/issues/633
,2018-5/9,Need to choose a cloning strategy,https://github.com/spotbugs/spotbugs/issues/634
,2018-5/10,Need to choose a logging strategy,https://github.com/spotbugs/spotbugs/issues/635
2018-5/11,2018-5/11,JDK 6 compatibility,https://github.com/spotbugs/spotbugs/issues/636
,2018-5/14,SimpleDateFormat string checks,https://github.com/spotbugs/spotbugs/issues/637
,2018-5/14,Need to increase test coverage,https://github.com/spotbugs/spotbugs/issues/639
,2018-5/15,OS_OPEN_STREAM erroneously issued,https://github.com/spotbugs/spotbugs/issues/640
,2018-5/16,A checker that for unnecessary @SuppressFBWarnings ?,https://github.com/spotbugs/spotbugs/issues/641
2018-5/18,2018-5/17,Null passed for non-null parameter  in MapSqlParameterSource,https://github.com/spotbugs/spotbugs/issues/642
,2018-5/25,Support for JSR308 type annotations in nullness checker,https://github.com/spotbugs/spotbugs/issues/643
2020-9/25,2018-6/1,False positive RCN_REDUNDANT_NULLCHECK_OF_NONNULL_VALUE and NP_LOAD_OF_KNOWN_NULL_VALUE when using empty try-with-resources,https://github.com/spotbugs/spotbugs/issues/647
2018-6/4,2018-6/3,Update to ASM 6.2,https://github.com/spotbugs/spotbugs/issues/648
,2018-6/4,SpotBugs should warn about file descriptor leak for Files.list().forEach() unclosed stream,https://github.com/spotbugs/spotbugs/issues/650
,2018-6/5,findbugs:NP_NULL_ON_SOME_PATH_FROM_RETURN_VALUE does not consider null validation,https://github.com/spotbugs/spotbugs/issues/651
2018-6/11,2018-6/8,spotbugs-ant Ant dependency in wrong scope,https://github.com/spotbugs/spotbugs/issues/655
,2018-6/11,Best way to add detection of a specific bug to spotbugs?,https://github.com/spotbugs/spotbugs/issues/660
2018-6/12,2018-6/12,Need both of IO.close(Closeable) and IO.close(AutoCloseable),https://github.com/spotbugs/spotbugs/issues/661
,2018-6/12,PluginLoader throws NPE,https://github.com/spotbugs/spotbugs/issues/663
,2018-6/13,How do I have gradle show the long names of codes?,https://github.com/spotbugs/spotbugs/issues/664
2018-6/15,2018-6/14,run error,https://github.com/spotbugs/spotbugs/issues/669
2018-7/3,2018-6/19,Potential NPE in test-harness-core,https://github.com/spotbugs/spotbugs/issues/671
2018-7/5,2018-6/19,Unable to read repository,https://github.com/spotbugs/spotbugs/issues/674
,2018-6/20,Spotbugs does not find some warnings/errors within class that extends some other class,https://github.com/spotbugs/spotbugs/issues/675
,2018-6/23,unchecked cast false positive,https://github.com/spotbugs/spotbugs/issues/676
,2018-6/23,Long Option names,https://github.com/spotbugs/spotbugs/issues/677
2018-7/4,2018-7/1,'Finding bugs in Project_1...' has encountered a problem.,https://github.com/spotbugs/spotbugs/issues/678
2018-7/6,2018-7/2,Spotbugs jar file,https://github.com/spotbugs/spotbugs/issues/679
2018-7/3,2018-7/2,Potential false positive for NP_NONNULL_PARAM_VIOLATION?,https://github.com/spotbugs/spotbugs/issues/680
2018-7/3,2018-7/3,ConcurrentModificationException in eclipse,https://github.com/spotbugs/spotbugs/issues/681
,2018-7/3,false positive: UMAC_UNCALLABLE_METHOD_OF_ANONYMOUS_CLASS ,https://github.com/spotbugs/spotbugs/issues/682
2018-7/5,2018-7/4,Gradle build fails if project path contains a space,https://github.com/spotbugs/spotbugs/issues/683
2018-7/6,2018-7/6,How to build spotbugs from src instead of using binary distribution,https://github.com/spotbugs/spotbugs/issues/690
,2018-7/6,Dissimilar quality of recommandations,https://github.com/spotbugs/spotbugs/issues/691
,2018-7/9,Why do you have no checkstyle rules?,https://github.com/spotbugs/spotbugs/issues/693
2019-9/21,2018-7/10,SourceFilter does not work with the full file path,https://github.com/spotbugs/spotbugs/issues/694
2018-9/17,2018-7/11,Analyse jar and not java file,https://github.com/spotbugs/spotbugs/issues/695
2018-7/23,2018-7/18,Deploy Eclipse plugin to update site on maintenance builds,https://github.com/spotbugs/spotbugs/issues/701
2018-11/23,2018-7/18,Ignore @FXML injected fields,https://github.com/spotbugs/spotbugs/issues/702
2018-7/23,2018-7/20,Links to binary distribution files,https://github.com/spotbugs/spotbugs/issues/703
,2018-7/20,New performance rule for Appendable appending CharSequence,https://github.com/spotbugs/spotbugs/issues/704
,2018-7/20,New performance rule for using String replace instead of replaceAll,https://github.com/spotbugs/spotbugs/issues/705
2018-9/17,2018-7/22,"How to deal with Findbugs error ""Classfile header isn't 0xCAFEBABE in""",https://github.com/spotbugs/spotbugs/issues/706
2018-8/5,2018-7/23,Travis CI cannot deploy SNAPSHOT artifacts to Sonatype repo,https://github.com/spotbugs/spotbugs/issues/709
2018-9/17,2018-7/24,Spotbugs 3.1.6 fails on JDK 11,https://github.com/spotbugs/spotbugs/issues/711
2018-7/26,2018-7/26,is there release notes?,https://github.com/spotbugs/spotbugs/issues/712
2018-11/8,2018-7/31,Error processing Kotlin Number when used as Comparable,https://github.com/spotbugs/spotbugs/issues/715
,2018-8/2,NP warning despite checking null in a multi-part if statement,https://github.com/spotbugs/spotbugs/issues/717
,2018-8/6,"Remove InefficientToArray, it is wrong.",https://github.com/spotbugs/spotbugs/issues/723
,2018-8/7,@SuppressFBWarnings on lambdas?,https://github.com/spotbugs/spotbugs/issues/724
2018-8/10,2018-8/7,Remove jFormatString (GPL) from SpotBugs (LGPL) code/distribution,https://github.com/spotbugs/spotbugs/issues/725
2018-8/21,2018-8/9,Support Spotbugs Eclipse Preferences in userPrefs,https://github.com/spotbugs/spotbugs/issues/728
2018-8/14,2018-8/14,Fails Gradle build even when there is nothing to report,https://github.com/spotbugs/spotbugs/issues/731
,2018-8/16,Java 11 Compatibility check: Findbugs annotations,https://github.com/spotbugs/spotbugs/issues/733
,2018-8/16,NP_METHOD_PARAMETER_TIGHTENS_ANNOTATION violation when using different @Nullable in method parameter,https://github.com/spotbugs/spotbugs/issues/734
2018-8/23,2018-8/16, false positive for unused method using method references in java 8 ,https://github.com/spotbugs/spotbugs/issues/735
2018-8/24,2018-8/22,Spotbugs support @SuppressWarnings,https://github.com/spotbugs/spotbugs/issues/737
,2018-8/23,NM_CONFUSING ignores excluded packages,https://github.com/spotbugs/spotbugs/issues/738
,2018-8/24,Eclipse plugin load,https://github.com/spotbugs/spotbugs/issues/739
,2018-8/28,False positive SE_BAD_FIELD for non-transient non-serializable in an enum,https://github.com/spotbugs/spotbugs/issues/740
2018-9/13,2018-8/28,Update to ASM 6.2.1 for initial JDK 12 support,https://github.com/spotbugs/spotbugs/issues/741
2018-9/10,2018-8/28,Maintain (a fork of) m2e-code-quality under the https://github.com/spotbugs org?,https://github.com/spotbugs/spotbugs/issues/742
,2018-8/28,NP_NONNULL_PARAM_VIOLATION with Checker Framework @Nullable,https://github.com/spotbugs/spotbugs/issues/743
2020-11/28,2018-8/30,DM_BOXED_PRIMITIVE_FOR_PARSING only checks Integer and Long,https://github.com/spotbugs/spotbugs/issues/744
2018-8/31,2018-8/30,Inconsistency between maven and eclipse plugin,https://github.com/spotbugs/spotbugs/issues/745
2018-12/16,2018-8/30,upgrade to 3.1.6 from 3.1.5 result in stacktrace in maven build output,https://github.com/spotbugs/spotbugs/issues/746
,2018-9/6,Don't tell users to use SourceSet with Android,https://github.com/spotbugs/spotbugs/issues/748
,2018-9/8,Class search (in the GUI's class name filter) should be case-insensitive,https://github.com/spotbugs/spotbugs/issues/749
2018-9/12,2018-9/12,Could not get unknown property 'eclipse' for task set,https://github.com/spotbugs/spotbugs/issues/752
2018-9/13,2018-9/13,404 (not found) on the links for the 3.1.7 distribution files,https://github.com/spotbugs/spotbugs/issues/755
2020-8/28,2018-9/13,try with resources with Java 11 triggers RCN warnings,https://github.com/spotbugs/spotbugs/issues/756
2018-10/7,2018-9/14,"Problem with (Object[]) new String[]{""foo""}",https://github.com/spotbugs/spotbugs/issues/758
2018-9/25,2018-9/25,(Eclipse) run_automatically key in UserPreferences,https://github.com/spotbugs/spotbugs/issues/761
2018-9/27,2018-9/26,Can't manage to get spotbugs running with android ,https://github.com/spotbugs/spotbugs/issues/762
2018-11/5,2018-9/26,Support Java 11,https://github.com/spotbugs/spotbugs/issues/763
2018-9/27,2018-9/26,Release Maven plugin 3.1.7,https://github.com/spotbugs/spotbugs/issues/764
2018-10/26,2018-9/30,Exception of FindUnrelatedTypesInGenericContainer,https://github.com/spotbugs/spotbugs/issues/766
,2018-10/3,Spotbugs giving exceptions when scala files are present in project.,https://github.com/spotbugs/spotbugs/issues/767
2018-10/4,2018-10/4,UR_UNINIT_READ_CALLED_FROM_SUPER_CONSTRUCTOR invalid in Scala,https://github.com/spotbugs/spotbugs/issues/768
2018-10/11,2018-10/11,Error processing opcode for Akka project,https://github.com/spotbugs/spotbugs/issues/771
2018-12/27,2018-10/11,False positive: parameter must be non-null in inner class constructor ,https://github.com/spotbugs/spotbugs/issues/772
2018-11/14,2018-10/15,Unsupported Operation Exception on JDK 11,https://github.com/spotbugs/spotbugs/issues/774
,2018-10/18,False positive with OBL_UNSATISFIED_OBLIGATION_EXCEPTION_EDGE,https://github.com/spotbugs/spotbugs/issues/778
2018-12/4,2018-10/21,spotbugs Eclipse install gives unsigned content security warning,https://github.com/spotbugs/spotbugs/issues/779
,2018-10/25,False positives and negatives of NP_NULL_ON_SOME_PATH_FROM_RETURN_VALUE,https://github.com/spotbugs/spotbugs/issues/782
2018-12/18,2018-11/3,Write docs that explain support policy about Java versions ,https://github.com/spotbugs/spotbugs/issues/787
2018-11/23,2018-11/4,Fails with jdk12 ,https://github.com/spotbugs/spotbugs/issues/788
2020-9/29,2018-11/6,Errors under Java 11.0.1,https://github.com/spotbugs/spotbugs/issues/791
,2018-11/13,False Positive on ODR_OPEN_DATABASE_RESOURCE,https://github.com/spotbugs/spotbugs/issues/796
,2018-11/14,New rule for checking runtime PatternSyntaxException in regex usages,https://github.com/spotbugs/spotbugs/issues/798
2018-11/20,2018-11/20,Findbugs plugin-3.8.0 in Sonarqube version 7.4 causing error ,https://github.com/spotbugs/spotbugs/issues/802
,2018-11/27,False positive NP_NONNULL_RETURN_VIOLATION when using JDT @NonNullByDefault and @Nullable annotations,https://github.com/spotbugs/spotbugs/issues/805
2018-11/29,2018-11/28,enhanced xml options not recognized as textui mode,https://github.com/spotbugs/spotbugs/issues/806
2021-4/19,2018-11/28,jdk 11.0.1 false positive:  UPM_UNCALLED_PRIVATE_METHOD,https://github.com/spotbugs/spotbugs/issues/811
2018-11/29,2018-11/29,spotbugs-maven-plugin 3.1.9 not available in maven repos,https://github.com/spotbugs/spotbugs/issues/812
2019-2/20,2018-12/4,Gradle-daemon: Trying to add already registered factory fills stdout,https://github.com/spotbugs/spotbugs/issues/819
2018-12/4,2018-12/4,Make outputSpotbugsFile configurable,https://github.com/spotbugs/spotbugs/issues/820
2019-1/9,2018-12/6,SLF4J as transitive dependency since 3.1.9,https://github.com/spotbugs/spotbugs/issues/823
2018-12/8,2018-12/7,Build fails under JDK 9 or 10,https://github.com/spotbugs/spotbugs/issues/824
2019-2/13,2018-12/11,jenkins build spotbugs dependency slf4j slf4j-api vulnerability,https://github.com/spotbugs/spotbugs/issues/826
2018-12/12,2018-12/12,End of life of raw.githubusercontent.com; stop recommending users using it as an xsi,https://github.com/spotbugs/spotbugs/issues/827
2020-8/4,2018-12/17,Compilation errors in spotbugs Eclipse projects after #828,https://github.com/spotbugs/spotbugs/issues/829
2018-12/21,2018-12/21,Ant task improvement. Exclude individual bug patterns instead of detectors,https://github.com/spotbugs/spotbugs/issues/833
2018-12/21,2018-12/21,Bug: Repeated conditional test in Test.test(),https://github.com/spotbugs/spotbugs/issues/834
2019-1/2,2019-1/2,Support for java.lang.SuppressWarnings,https://github.com/spotbugs/spotbugs/issues/840
2019-1/4,2019-1/3,PRMC_POSSIBLY_REDUNDANT_METHOD_CALLS false positive,https://github.com/spotbugs/spotbugs/issues/841
,2019-1/3,Version 3.1.9 stdout spam when network is blocked,https://github.com/spotbugs/spotbugs/issues/842
,2019-1/7,"How can I comfortably use ""Analysis Properties"" in the Eclipse plug-in?",https://github.com/spotbugs/spotbugs/issues/843
,2019-1/8,False positive NP_PARAMETER_MUST_BE_NONNULL_BUT_MARKED_AS_NULLABLE ,https://github.com/spotbugs/spotbugs/issues/844
,2019-1/9,Feature request: Warn on throwing exceptions,https://github.com/spotbugs/spotbugs/issues/845
2019-1/24,2019-1/11,"Spotbugs crashed by NPE with JDK11, spotbugs 3.1.10 and gradle 5.1",https://github.com/spotbugs/spotbugs/issues/846
2019-1/18,2019-1/15,release-3.1 contains unexpected changes introduced by #832,https://github.com/spotbugs/spotbugs/issues/849
,2019-1/22,Feature request: Add option to print absolute .java file path in text UI,https://github.com/spotbugs/spotbugs/issues/856
,2019-1/22,Allow multiple output types,https://github.com/spotbugs/spotbugs/issues/857
,2019-1/23,Enable direct console output,https://github.com/spotbugs/spotbugs/issues/858
,2019-1/23,Make command line option intuitive (e.g. replace -text with --text),https://github.com/spotbugs/spotbugs/issues/859
2019-1/31,2019-1/23,"synchronize releases of spotbugs, spotbugs-maven-plugin",https://github.com/spotbugs/spotbugs/issues/861
,2019-1/24,Parse error should report more intuitive message,https://github.com/spotbugs/spotbugs/issues/862
2019-2/1,2019-1/30,Update dom4j to 2.1.1 ,https://github.com/spotbugs/spotbugs/issues/864
,2019-1/31,[Java-11] jdk 11.0.1 false positive: FCBL_FIELD_COULD_BE_LOCAL,https://github.com/spotbugs/spotbugs/issues/865
,2019-1/31,Spotbugs GUI text is very small when started,https://github.com/spotbugs/spotbugs/issues/866
,2019-2/2,False positive RCN_REDUNDANT_NULLCHECK_WOULD_HAVE_BEEN_A_NPE,https://github.com/spotbugs/spotbugs/issues/868
2019-2/11,2019-2/9,Error when executing spotbugsMain on a gradle 5/java11/fx project,https://github.com/spotbugs/spotbugs/issues/871
,2019-2/11,false positive RV_RETURN_VALUE_IGNORED_NO_SIDE_EFFECT,https://github.com/spotbugs/spotbugs/issues/872
2019-3/11,2019-2/11,feature request: do not break build when violations are found,https://github.com/spotbugs/spotbugs/issues/873
,2019-2/11,-redoAnalysis vs. -reanalyze,https://github.com/spotbugs/spotbugs/issues/874
2019-3/6,2019-2/11,Slight improvement request for fancy-hist.xsl,https://github.com/spotbugs/spotbugs/issues/875
,2019-2/12,inconsistency between counted bugs in package stats and reported bug instances,https://github.com/spotbugs/spotbugs/issues/876
2019-3/6,2019-2/13,BugInstance not properly handled by fancy-hist.xsl,https://github.com/spotbugs/spotbugs/issues/877
2020-9/25,2019-2/13,False positive with Java 11,https://github.com/spotbugs/spotbugs/issues/878
,2019-2/17,UR_UNINIT_READ_CALLED_FROM_SUPER_CONSTRUCTOR for interface default methods,https://github.com/spotbugs/spotbugs/issues/879
,2019-2/19,Can't execute spotbugs task,https://github.com/spotbugs/spotbugs/issues/882
,2019-2/20,eclipse plugin UI freeze,https://github.com/spotbugs/spotbugs/issues/883
2019-2/22,2019-2/21,Gradle 4.10.1 is unsupported in Gradle Plugin 1.6.10,https://github.com/spotbugs/spotbugs/issues/884
,2019-2/21,False positive for NP_NULL_ON_SOME_PATH,https://github.com/spotbugs/spotbugs/issues/885
,2019-2/23,jcip-annotations dependency violates maven central rules,https://github.com/spotbugs/spotbugs/issues/887
,2019-2/26,Unnecessary Dependency Conflict,https://github.com/spotbugs/spotbugs/issues/888
,2019-3/1,Detected bugs not show in site reports,https://github.com/spotbugs/spotbugs/issues/891
2020-10/6,2019-3/1,java.lang.IllegalArgumentException: true,https://github.com/spotbugs/spotbugs/issues/893
,2019-3/4,Performance of SpotBugs is slower than FindBugs when target class has many ancestor classes,https://github.com/spotbugs/spotbugs/issues/894
,2019-3/13,False positive for UR_UNINIT_READ,https://github.com/spotbugs/spotbugs/issues/905
2019-3/21,2019-3/19,Difference gradlePlugin vs spotbugs-gradle-plugin,https://github.com/spotbugs/spotbugs/issues/908
,2019-3/22,Spotbugs in textui mode does not properly handle files if they have spaces in the file path,https://github.com/spotbugs/spotbugs/issues/909
,2019-3/27,Include filter rules from URL in eclipse plugin,https://github.com/spotbugs/spotbugs/issues/912
2019-4/1,2019-4/1,spotbugs 4 eclipse plugin already published,https://github.com/spotbugs/spotbugs/issues/914
,2019-4/2,SE_NO_SERIALVERSIONID not triggered,https://github.com/spotbugs/spotbugs/issues/916
,2019-4/5,[Feature] expiry dates on suppressions?,https://github.com/spotbugs/spotbugs/issues/918
,2019-4/6,Trouble generating both XML and HTML output,https://github.com/spotbugs/spotbugs/issues/919
,2019-4/7,Spotbugs not respecting suppression,https://github.com/spotbugs/spotbugs/issues/920
,2019-4/9,Disabling xml report format for subprojects,https://github.com/spotbugs/spotbugs/issues/921
2020-3/26,2019-4/9,Maven plugin site is down,https://github.com/spotbugs/spotbugs/issues/922
2019-4/12,2019-4/10,Can't get value of arrayType argument,https://github.com/spotbugs/spotbugs/issues/923
2019-4/16,2019-4/16,Spotbugs filter does not filter one instance of DM_DEFAULT_ENCODING,https://github.com/spotbugs/spotbugs/issues/924
,2019-4/24,PCOA_PARTIALLY_CONSTRUCTED_OBJECT_ACCESS too aggressive,https://github.com/spotbugs/spotbugs/issues/925
,2019-4/24,instanceof / BC_IMPOSSIBLE_INSTANCEOF false positive in catch block,https://github.com/spotbugs/spotbugs/issues/926
,2019-4/26,False positive: NP_PARAMETER_MUST_BE_NONNULL_BUT_MARKED_AS_NULLABLE on annotated parameterized type,https://github.com/spotbugs/spotbugs/issues/927
,2019-4/29,RankMatcher does not work as documented with IncludeFilter,https://github.com/spotbugs/spotbugs/issues/929
,2019-4/29,Findbugs on Android: java.lang.ClassNotFoundException: com.google.wireless.android.sdk.stats.IntellijIndexingStats$Index,https://github.com/spotbugs/spotbugs/issues/931
2019-5/1,2019-5/1,Jenkins Warnings Next Generation Plugin,https://github.com/spotbugs/spotbugs/issues/934
,2019-5/10,RuntimeExceptionCapture causes ArrayIndexOutOfBoundsException in addError,https://github.com/spotbugs/spotbugs/issues/943
2019-5/20,2019-5/13,Cannot generate HTML because of TransformerConfigurationException,https://github.com/spotbugs/spotbugs/issues/944
,2019-5/15,Feature request: detect NPE in method reference,https://github.com/spotbugs/spotbugs/issues/946
,2019-5/15,false-positives for CDI targeted methods in UPM_UNCALLED_PRIVATE_METHOD,https://github.com/spotbugs/spotbugs/issues/947
2019-5/20,2019-5/15,ExecutorService.submit and similar in RV_RETURN_VALUE_IGNORED_BAD_PRACTICE,https://github.com/spotbugs/spotbugs/issues/948
,2019-5/17,UWF_FIELD_NOT_INITIALIZED_IN_CONSTRUCTOR: false positive with lambdas,https://github.com/spotbugs/spotbugs/issues/949
,2019-5/17,New bad-practice rule for missing exception handling on CompletableFuture,https://github.com/spotbugs/spotbugs/issues/950
,2019-5/21,False positive NP_NULL_ON_SOME_PATH_FROM_RETURN_VALUE when throwing exceptions,https://github.com/spotbugs/spotbugs/issues/952
2019-5/23,2019-5/22,Remove 'jar' from archives block,https://github.com/spotbugs/spotbugs/issues/953
,2019-5/22,Feature Request: detect NPE in method return value.,https://github.com/spotbugs/spotbugs/issues/954
,2019-5/22,Using of identity hash maps lead to errors after cache was cleared and CFG was recalculated.,https://github.com/spotbugs/spotbugs/issues/955
2019-9/21,2019-5/26,"default.xsl declares it is a 2.0 stylesheet, but it appears to have issues with a 2.0 processor",https://github.com/spotbugs/spotbugs/issues/958
,2019-5/28,(False negative)There is the bug in rule of IMA(InefficientMemberAccess) when using Java 11.,https://github.com/spotbugs/spotbugs/issues/959
,2019-5/30,support interprocedural analysis about NPE?,https://github.com/spotbugs/spotbugs/issues/961
,2019-6/4,recursive loop JDBC connection leakage is not found,https://github.com/spotbugs/spotbugs/issues/962
2019-6/5,2019-6/5,How to use SpotBugs in Android Studio 3.4 gradle project?,https://github.com/spotbugs/spotbugs/issues/963
,2019-6/6,False positive NP_UNWRITTEN_PUBLIC_OR_PROTECTED_FIELD,https://github.com/spotbugs/spotbugs/issues/964
,2019-6/6,False-positive for SI_INSTANCE_BEFORE_FINALS_ASSIGNED,https://github.com/spotbugs/spotbugs/issues/965
2021-5/20,2019-6/6,False-positive for PRMC_POSSIBLY_REDUNDANT_METHOD_CALLS,https://github.com/spotbugs/spotbugs/issues/966
2019-6/12,2019-6/12,Spotbugs: maven useage,https://github.com/spotbugs/spotbugs/issues/968
,2019-6/14,"Enancement request: ""HE: Use of class without a hashCode() method in a hashed data structure""",https://github.com/spotbugs/spotbugs/issues/969
,2019-6/24,FALSE POSITIVE in FindOpenStream...,https://github.com/spotbugs/spotbugs/issues/982
2019-6/27,2019-6/25,Incorrect cyclomatic complexity for string switches,https://github.com/spotbugs/spotbugs/issues/983
2019-6/29,2019-6/27,Issue in Eclipse,https://github.com/spotbugs/spotbugs/issues/984
2019-6/29,2019-6/29,Undetected or false positive DM_DEFAULT_ENCODING,https://github.com/spotbugs/spotbugs/issues/985
,2019-7/1,Can't generate html report 4.0.0-beta.3,https://github.com/spotbugs/spotbugs/issues/987
,2019-7/1,report from binary version missing Start and end attributes ,https://github.com/spotbugs/spotbugs/issues/988
,2019-7/14,Problem with null deferencing in streams,https://github.com/spotbugs/spotbugs/issues/990
,2019-7/15,how generated xdoc maven.,https://github.com/spotbugs/spotbugs/issues/991
2019-7/24,2019-7/19,Adding typescript-generator classpath breaks spotbugs,https://github.com/spotbugs/spotbugs/issues/992
,2019-7/24,Obsolete warning: ITA_INEFFICIENT_TO_ARRAY,https://github.com/spotbugs/spotbugs/issues/993
2019-7/27,2019-7/27,spotless fails running on windows,https://github.com/spotbugs/spotbugs/issues/994
2020-8/28,2019-7/27,Build on master / Java 11 fails due test fail in testAllRegressionFilesJavac,https://github.com/spotbugs/spotbugs/issues/996
,2019-7/30,Spotbugs null pointers with Data Binding,https://github.com/spotbugs/spotbugs/issues/997
,2019-7/31,New rule for catching unsafe unboxing in comparisons,https://github.com/spotbugs/spotbugs/issues/998
,2019-8/13,Feature Request: Include plugins in report,https://github.com/spotbugs/spotbugs/issues/999
,2019-8/16,false positive: NP_NONNULL_PARAM_VIOLATION on CompletableFuture.getNow(null),https://github.com/spotbugs/spotbugs/issues/1001
2019-9/30,2019-8/20,Update to ASM 7.2-beta for initial JDK 14 support,https://github.com/spotbugs/spotbugs/issues/1003
,2019-8/22,Question: what is the status of @InjectionAnnotation?,https://github.com/spotbugs/spotbugs/issues/1005
,2019-9/3,false positive: FII_USE_METHOD_REFERENCE,https://github.com/spotbugs/spotbugs/issues/1006
,2019-9/3,Suppression for RV bug pattern not evaluated (for a lambda),https://github.com/spotbugs/spotbugs/issues/1007
2019-11/29,2019-9/9,Error resolving Real SourcePath (only relative source path will be available) ,https://github.com/spotbugs/spotbugs/issues/1009
2019-9/21,2019-9/19,False-positive in URLCONNECTION_SSRF_FD,https://github.com/spotbugs/spotbugs/issues/1011
2019-9/21,2019-9/20,Fails with jdk13,https://github.com/spotbugs/spotbugs/issues/1012
,2019-9/20,new check: calling Socket::setReceiveBufferSize after socket open,https://github.com/spotbugs/spotbugs/issues/1013
,2019-9/26, ms_should_be_final doesn't see 'protected' modifier (assumes it is public),https://github.com/spotbugs/spotbugs/issues/1015
,2019-9/30,Replace deprecated Gradle API,https://github.com/spotbugs/spotbugs/issues/1017
,2019-9/30,"SLF4j multiple binding: Fails in gradle pre 5.0 and pos 5.0, such as 5.6",https://github.com/spotbugs/spotbugs/issues/1018
,2019-10/4,False positive IS2_INCONSISTENT_SYNC when using `@Value.Lazy` feature of Immutables,https://github.com/spotbugs/spotbugs/issues/1019
2019-10/6,2019-10/5,Problem with instructions in CFG,https://github.com/spotbugs/spotbugs/issues/1020
,2019-10/9,Ability to classify found bugs,https://github.com/spotbugs/spotbugs/issues/1023
2020-3/31,2019-10/17,Could not generate HTML output (XPathException) [4.0.0 beta 4],https://github.com/spotbugs/spotbugs/issues/1025
,2019-10/17,maven plugin configuration to fail build,https://github.com/spotbugs/spotbugs/issues/1026
2019-10/31,2019-10/22,Plugin with id 'com.github.spotbugs' not found,https://github.com/spotbugs/spotbugs/issues/1027
2020-10/17,2019-10/24,missing bug code for keySECEMA,https://github.com/spotbugs/spotbugs/issues/1028
,2019-10/24,ignore Scala code,https://github.com/spotbugs/spotbugs/issues/1029
,2019-10/29,Tests fail with Category: Performance,https://github.com/spotbugs/spotbugs/issues/1031
,2019-10/29,Exception while analyzing error is missing the cause,https://github.com/spotbugs/spotbugs/issues/1032
2020-5/18,2019-10/31,Unable to infer the version of SpotBugs from currently specified SpotBugs classpath: [spotbugs-gradle-plugin-2.0.0.jar],https://github.com/spotbugs/spotbugs/issues/1033
2019-11/7,2019-11/7,OS_OPEN_STREAM inconsistently issued,https://github.com/spotbugs/spotbugs/issues/1036
2019-11/24,2019-11/19,spotbugs building issues - missing libraries,https://github.com/spotbugs/spotbugs/issues/1037
,2019-11/20,(Documentation) Miscellaneous documentation edits needed.,https://github.com/spotbugs/spotbugs/issues/1038
,2019-11/20,Unable to read filter,https://github.com/spotbugs/spotbugs/issues/1039
2019-11/30,2019-11/25,Unable to see the source code panel for SpotBugs GUI,https://github.com/spotbugs/spotbugs/issues/1040
,2019-11/27,UWF_UNWRITTEN_FIELD false negative,https://github.com/spotbugs/spotbugs/issues/1043
2021-3/26,2019-11/30,Documentation for Spotbugs - Technical tool analysis,https://github.com/spotbugs/spotbugs/issues/1044
2019-12/18,2019-12/2,Multi-module maven project fails,https://github.com/spotbugs/spotbugs/issues/1045
,2019-12/3,False positive RV_RETURN_VALUE_IGNORED with @CanIgnoreReturnValue,https://github.com/spotbugs/spotbugs/issues/1046
2019-12/5,2019-12/4,gradle task 'spotbugsMain' ignores obvious bugs,https://github.com/spotbugs/spotbugs/issues/1047
,2019-12/18,Question: how to output the full file path,https://github.com/spotbugs/spotbugs/issues/1049
,2019-12/19,How to get the same behavior in the cli than the gui,https://github.com/spotbugs/spotbugs/issues/1050
,2019-12/27,IS2_INCONSISTENT_SYNC false-positive,https://github.com/spotbugs/spotbugs/issues/1051
,2020-1/3,"fail on package filter containing "".*"" without regex matching",https://github.com/spotbugs/spotbugs/issues/1052
,2020-1/4,Findbugs detect implementing raw type of generic interface.,https://github.com/spotbugs/spotbugs/issues/1053
,2020-1/13,False-positive in OPM_OVERLY_PERMISSIVE_METHOD for equals,https://github.com/spotbugs/spotbugs/issues/1055
2021-10/11,2020-1/13,Analyser fails with javax.persistence.Entity,https://github.com/spotbugs/spotbugs/issues/1057
,2020-1/13,Hide lombok warnings,https://github.com/spotbugs/spotbugs/issues/1058
,2020-1/15,False positive RV_RETURN_VALUE_IGNORED_NO_SIDE_EFFECT using static imports and Junit 5,https://github.com/spotbugs/spotbugs/issues/1060
2020-1/20,2020-1/16,4.0.0-beta5 distribution files not found,https://github.com/spotbugs/spotbugs/issues/1062
2020-9/3,2020-1/20,spotbugs-annotation.jar missing from spotbugs-4.0.0-RC1 bundle,https://github.com/spotbugs/spotbugs/issues/1066
2020-2/2,2020-1/21,Latest 4.0.0 Eclipse plugin is not functional,https://github.com/spotbugs/spotbugs/issues/1067
,2020-1/23,Add rule to disallow use of Java's Optional,https://github.com/spotbugs/spotbugs/issues/1068
,2020-1/28,Custom Gradle Plugin,https://github.com/spotbugs/spotbugs/issues/1073
2020-2/1,2020-2/1,Upload archives to GitHub release too,https://github.com/spotbugs/spotbugs/issues/1075
2020-3/18,2020-2/3,XSL issue in 4.0.0-RC1,https://github.com/spotbugs/spotbugs/issues/1077
,2020-2/6,Maybe false positive NP_NULL_ON_SOME_PATH (with Kotlin),https://github.com/spotbugs/spotbugs/issues/1079
,2020-2/13,NP_NULL_ON_SOME_PATH_FROM_RETURN_VALUE with okhttp3 body().string() chaining,https://github.com/spotbugs/spotbugs/issues/1083
2021-11/24,2020-2/14,how to match final field,https://github.com/spotbugs/spotbugs/issues/1085
,2020-2/14,Incorrect links in SpotBugs site report,https://github.com/spotbugs/spotbugs/issues/1086
2020-2/19,2020-2/17,False positive with NP_NONNULL_PARAM_VIOLATION and Spring RestTemplate HttpEntity,https://github.com/spotbugs/spotbugs/issues/1087
,2020-2/18,Spotbugs needs to specify which sfl4j jar is needed for execution. ,https://github.com/spotbugs/spotbugs/issues/1089
,2020-2/24,Version information not reported with 4.0.0,https://github.com/spotbugs/spotbugs/issues/1093
,2020-2/28,SpotBugs Ant Task does not support longBugCodes,https://github.com/spotbugs/spotbugs/issues/1094
2020-4/28,2020-3/1,PGP key used for 3.1.12 not accessible,https://github.com/spotbugs/spotbugs/issues/1095
2020-3/5,2020-3/2,Spotbugs 4.0.0 isn't included in official gradle plugin page,https://github.com/spotbugs/spotbugs/issues/1096
,2020-3/2,Spotbugs-4.0.0 doesn't detect FLOATING_POINT_EQUALITY,https://github.com/spotbugs/spotbugs/issues/1097
,2020-3/11,FindBugs2#close() does not reset the singleton of DetectorFactoryCollection,https://github.com/spotbugs/spotbugs/issues/1100
,2020-3/13,check File PATH_TRAVERSAL_IN issue,https://github.com/spotbugs/spotbugs/issues/1103
2020-3/30,2020-3/18,Report generation still fails using spotbugs 4.0.1 and gradle plugin 4.0.2,https://github.com/spotbugs/spotbugs/issues/1105
2020-4/20,2020-3/19,Release build on GitHub Actions is failing,https://github.com/spotbugs/spotbugs/issues/1106
,2020-3/20,can find bug: socket not close?,https://github.com/spotbugs/spotbugs/issues/1107
,2020-3/27,Disallow Optional.of(..).orElse(..),https://github.com/spotbugs/spotbugs/issues/1109
,2020-3/27,Spotbugs IDEA plugin was compiled with target version 55 (Java 11),https://github.com/spotbugs/spotbugs/issues/1110
,2020-4/2,"During the analysis, it needs to be built once, and then an error will be reported in the analysis, and the IDEA needs to be closed again and opened again for the analysis",https://github.com/spotbugs/spotbugs/issues/1113
,2020-4/5,False positive NP_NONNULL_RETURN_VIOLATION on BigDecimal.ZERO,https://github.com/spotbugs/spotbugs/issues/1114
,2020-4/19,@Immutable should be @Inherited or checked in sub classes.,https://github.com/spotbugs/spotbugs/issues/1120
,2020-4/20,[False Positive]how spotbugs support this?,https://github.com/spotbugs/spotbugs/issues/1121
2020-5/13,2020-4/23,XML External Entity (XXE) Injection Vulnerability,https://github.com/spotbugs/spotbugs/issues/1122
,2020-4/29,Migrate CI jobs to GitHub Actions for more deployment automation,https://github.com/spotbugs/spotbugs/issues/1123
,2020-5/2,DM_BOOLEAN_CTOR false positive,https://github.com/spotbugs/spotbugs/issues/1124
2020-5/12,2020-5/7,PGP public key signing spotbugs-4.0.0 (and later?) not available (on keyservers),https://github.com/spotbugs/spotbugs/issues/1125
2020-6/30,2020-5/8,Update dom4j to 2.1.3,https://github.com/spotbugs/spotbugs/issues/1126
2020-6/30,2020-5/9,OWASP CVE-2020-10683 in dom4j-2.1.1 dependency,https://github.com/spotbugs/spotbugs/issues/1127
,2020-5/9,Invalid XML in spotbugs-4.0.2.jar messages.xml? (according to dom4j 2.1.3),https://github.com/spotbugs/spotbugs/issues/1128
2020-6/9,2020-5/23,Incorrect ModifiedDate (2/1/1980) for files in zip and files in JARs,https://github.com/spotbugs/spotbugs/issues/1134
2020-6/12,2020-5/27,apache-commons-lang3 dependency conflict,https://github.com/spotbugs/spotbugs/issues/1135
,2020-5/28,Rule to check if switch over enum covers all cases,https://github.com/spotbugs/spotbugs/issues/1138
2020-9/29,2020-5/28,java.lang.IllegalArgumentException in OpcodeStack.constantToInt,https://github.com/spotbugs/spotbugs/issues/1139
,2020-6/2,[false-negative]HE_EQUALS_USE_HASHCODE can not detect equals method overide in method,https://github.com/spotbugs/spotbugs/issues/1142
,2020-6/2,[false-negative]ICAST_BAD_SHIFT_AMOUNT can not detect int literal shift,https://github.com/spotbugs/spotbugs/issues/1143
,2020-6/2,[false-negative]SA_LOCAL_SELF_ASSIGNMENT can not detect the case like: foo.bar = foo.bar,https://github.com/spotbugs/spotbugs/issues/1144
,2020-6/2,[false-negative]SA_LOCAL_SELF_ASSIGNMENT can not detect the case like: this.foo = foo,https://github.com/spotbugs/spotbugs/issues/1145
,2020-6/2,[false-negative]ICAST_INTEGER_MULTIPLY_CAST_TO_LONG can not detect only contain left shift that may overflow,https://github.com/spotbugs/spotbugs/issues/1146
,2020-6/2,[false-negative]DMI_INVOKING_TOSTRING_ON_ARRAY can not detect String automatic conversion when string concatenation,https://github.com/spotbugs/spotbugs/issues/1147
,2020-6/2,[false-positive]SF_SWITCH_NO_DEFAULT detect false positive result: some switchs with default are detected.,https://github.com/spotbugs/spotbugs/issues/1148
,2020-6/2,[false-negative]QBA_QUESTIONABLE_BOOLEAN_ASSIGNMENT can not detect some complex case like,https://github.com/spotbugs/spotbugs/issues/1149
,2020-6/4,"Installation failed, in Eclipse",https://github.com/spotbugs/spotbugs/issues/1150
,2020-6/4,Spotbugs ant task does not allow plugin jars to be specified as in command line. ,https://github.com/spotbugs/spotbugs/issues/1151
,2020-6/8,False positive: NP_NULL_ON_SOME_PATH cannot occur because of thrown exception.,https://github.com/spotbugs/spotbugs/issues/1155
,2020-6/9,How to properly run SpotBugs on a Scala project,https://github.com/spotbugs/spotbugs/issues/1157
2020-6/20,2020-6/9,Spotbugs 4.0.4 release Eclipse plugin misses spotbugs.jar,https://github.com/spotbugs/spotbugs/issues/1158
2021-2/20,2020-6/10,UnsupportedOperationException after upgrade from 3.1.12 to 4.0.4,https://github.com/spotbugs/spotbugs/issues/1161
2020-6/22,2020-6/10,The build for PR comes from forked repo is failing,https://github.com/spotbugs/spotbugs/issues/1163
,2020-6/11,How can i run findsecbugs rules in spotbugs?,https://github.com/spotbugs/spotbugs/issues/1164
,2020-6/11,"kotlin false positive, JXI_UNDEFINED_PARAMETER_SOURCE_IN_ENDPOINT",https://github.com/spotbugs/spotbugs/issues/1165
2020-7/10,2020-6/18,FII_USE_METHOD_REFERENCE ,https://github.com/spotbugs/spotbugs/issues/1168
2020-6/18,2020-6/18,SpotBugs	4.0.4.r202006090151-249e1a7 fails with eclipse 20.06 (4.16.0),https://github.com/spotbugs/spotbugs/issues/1169
2020-10/20,2020-6/20,False Positive: NP_NULL_ON_SOME_PATH_FROM_RETURN_VALUE when code throws NullReferenceException explicitly (as Objects.requireNonNull does),https://github.com/spotbugs/spotbugs/issues/1175
2020-6/22,2020-6/21,e.u.c.f.b.AnalysisException after upgrade of SB from 4.0.4 to 4.0.5 in maven project,https://github.com/spotbugs/spotbugs/issues/1176
2020-6/23,2020-6/22,NoClassDefFoundError in Gradle project,https://github.com/spotbugs/spotbugs/issues/1178
2020-9/8,2020-7/7,@SuppressFBWarnings retention policy CLASS causes compiler warnings/errors in downstream projects,https://github.com/spotbugs/spotbugs/issues/1204
2020-7/8,2020-7/8,confidence level,https://github.com/spotbugs/spotbugs/issues/1208
,2020-7/14,False Positive: BC_UNCONFIRMED_CAST_OF_RETURN_VALUE when using generic bounded type,https://github.com/spotbugs/spotbugs/issues/1219
2020-7/15,2020-7/15,sourceSets property cannot be used with spotbugs 4.x.x,https://github.com/spotbugs/spotbugs/issues/1220
,2020-7/18,java.lang.AssertionError: frame_type field doesn't exist at edu.umd.cs.findbugs.StackMapAnalyzer.lambda$static$0(StackMapAnalyzer.java:150),https://github.com/spotbugs/spotbugs/issues/1223
2020-12/1,2020-7/21,Fails with OpenJDK 15-ea: Unsupported class file major version 60,https://github.com/spotbugs/spotbugs/issues/1229
,2020-7/24,"Kotlin ""Null pointer dereference issue"" for method which returns Nothing",https://github.com/spotbugs/spotbugs/issues/1233
2020-7/26,2020-7/26,edu.umd.cs.findbugs.classfile.ResourceNotFoundException: Resource not found: java/lang/Object.class at edu.umd.cs.findbugs.classfile.impl.ClassPathImpl.lookupResource(ClassPathImpl.java:162),https://github.com/spotbugs/spotbugs/issues/1234
2020-7/31,2020-7/30,SpotBugs v4.1.0 and Maven Plugin 4.0.4 java.lang.NoClassDefFoundError: org/dom4j/DocumentException,https://github.com/spotbugs/spotbugs/issues/1239
,2020-8/2,add codeFlow property,https://github.com/spotbugs/spotbugs/issues/1241
2021-4/10,2020-8/4,Build with JDK14,https://github.com/spotbugs/spotbugs/issues/1244
2020-9/3,2020-8/7,False positive RCN_REDUNDANT_NULLCHECK_OF_NONNULL_VALUE for class.getResourceAsStream,https://github.com/spotbugs/spotbugs/issues/1250
,2020-8/4,[Suggestion][MAVEN] with example,https://github.com/spotbugs/spotbugs/issues/1251
2020-10/14,2020-8/13,spotbugs reports VR_UNRESOLVABLE_REFERENCE when code is compiled with Java 11,https://github.com/spotbugs/spotbugs/issues/1254
2021-11/24,2020-8/14,edu.umd.cs.findbugs.classfile.ResourceNotFoundException: Resource not found: java/lang/Object.class at edu.umd.cs.findbugs.classfile.impl.ClassPathImpl.lookupResource(ClassPathImpl.java:162),https://github.com/spotbugs/spotbugs/issues/1255
,2020-8/17,"In case of multiple bugs in same line, only first occurrence was detected",https://github.com/spotbugs/spotbugs/issues/1257
,2020-8/17,-dontCombineWarnings option doesn't work fine,https://github.com/spotbugs/spotbugs/issues/1258
2020-8/18,2020-8/17,BytecodeScanningDetector.shouldVisitCode is only used within OpcodeStackDetector.visitCode,https://github.com/spotbugs/spotbugs/issues/1261
,2020-8/17,Unnecessary warnings for Android classes,https://github.com/spotbugs/spotbugs/issues/1262
2020-10/13,2020-9/2,java.lang.IllegalArgumentException: Error: missing bug code for keyJUA,https://github.com/spotbugs/spotbugs/issues/1272
2021-4/9,2020-9/2,Java 14 instanceof pattern matching causes false positive SA_LOCAL_SELF_COMPARISON,https://github.com/spotbugs/spotbugs/issues/1275
2020-9/8,2020-9/3,Support Java 14 Records,https://github.com/spotbugs/spotbugs/issues/1276
2021-3/11,2020-8/24,Please consider `org.json:json` alternative,https://github.com/spotbugs/spotbugs/issues/1279
2020-10/29,2020-9/4,SARIF report missing physical location information,https://github.com/spotbugs/spotbugs/issues/1281
2020-9/18,2020-9/6,need help implementing a plugin,https://github.com/spotbugs/spotbugs/issues/1282
2021-11/24,2020-9/8,edu.umd.cs.findbugs.classfile.ResourceNotFoundException: Resource not found: java/lang/Object.class at edu.umd.cs.findbugs.classfile.impl.ClassPathImpl.lookupResource(ClassPathImpl.java:162),https://github.com/spotbugs/spotbugs/issues/1283
,2020-9/15,No schema found for the 'edu.umd.cs.findbugs.plugin.eclipse.findbugsPlugins' extension point,https://github.com/spotbugs/spotbugs/issues/1290
2020-9/16,2020-9/16,No schema found for the 'edu.umd.cs.findbugs.plugin.eclipse.findbugsPlugins' extension point,https://github.com/spotbugs/spotbugs/issues/1292
,2020-9/16,False Negative on ODR_OPEN_DATABASE_RESOURCE,https://github.com/spotbugs/spotbugs/issues/1293
,2020-9/17,Problem installing Eclipse plugin in China,https://github.com/spotbugs/spotbugs/issues/1294
,2020-9/19,Problem running SpotBugs when debugging in eclipsePlugin: The chosen operation is not currently available.,https://github.com/spotbugs/spotbugs/issues/1295
2021-1/6,2020-9/20,a volatile reference to an array; the array elements are non-volatile,https://github.com/spotbugs/spotbugs/issues/1296
2020-9/20,2020-9/20,BUILD FAILED: Execution failed for task ':spotbugs-annotations:compileJava'. > invalid flag: --release,https://github.com/spotbugs/spotbugs/issues/1297
,2020-9/22,DMI_DOH throws false positives,https://github.com/spotbugs/spotbugs/issues/1300
,2020-9/23,Spotbugs on Linux misses many of the issues Spotbugs on Windows finds,https://github.com/spotbugs/spotbugs/issues/1303
2020-9/29,2020-9/24,Excessive log noise,https://github.com/spotbugs/spotbugs/issues/1305
2020-9/29,2020-9/28,./gradlew eclipse generates broken spotbugs/spotbugs/.classpath file,https://github.com/spotbugs/spotbugs/issues/1311
2020-10/16,2020-9/29,Warnings about $SWITCH_TABLE reported in Eclipse,https://github.com/spotbugs/spotbugs/issues/1313
2020-10/6,2020-9/29,Terminating Spotbugs jobs in Eclipse results in an error dialog,https://github.com/spotbugs/spotbugs/issues/1314
2020-10/6,2020-9/29,Spotbugs test projects have compilation errors if imported in Eclipse,https://github.com/spotbugs/spotbugs/issues/1315
2020-10/6,2020-9/29,spotbugsTestCases is not compilable anymore in Eclipse,https://github.com/spotbugs/spotbugs/issues/1316
,2020-10/2,eclipse gradle target tests fail with Eclipse I20200928,https://github.com/spotbugs/spotbugs/issues/1322
,2020-10/5,Remove the dependency on AppleJavaExtension ,https://github.com/spotbugs/spotbugs/issues/1324
,2020-10/7,Analysis failure on Scala AnyVal wrappers,https://github.com/spotbugs/spotbugs/issues/1325
2020-10/9,2020-10/8,Spotbugs CLI Option?,https://github.com/spotbugs/spotbugs/issues/1327
,2020-10/12,./gradlew build is fail with eclipse 4.16.0,https://github.com/spotbugs/spotbugs/issues/1330
,2020-10/13,false positive NP_NONNULL_RETURN_VIOLATION,https://github.com/spotbugs/spotbugs/issues/1331
,2020-10/13,Unclosed connection not detected,https://github.com/spotbugs/spotbugs/issues/1333
,2020-10/15,Custom @NonNull not being considered,https://github.com/spotbugs/spotbugs/issues/1336
,2020-10/17,false positive: try-with-resource on JDK11 and later might fail with RCN_REDUNDANT_NULLCHECK_OF_NONNULL_VALUE,https://github.com/spotbugs/spotbugs/issues/1338
2020-10/19,2020-10/19,Unsupported api 589824 error with SpotBugs 4.1.4,https://github.com/spotbugs/spotbugs/issues/1340
,2020-10/21,Detector idea: MethodHandles.Lookup.getClass(),https://github.com/spotbugs/spotbugs/issues/1344
2020-10/29,2020-10/21,How to use SpotBugs with SARIF?,https://github.com/spotbugs/spotbugs/issues/1349
,2020-10/22,Rule UUF_UNUSED_FIELD does not report the line number correctly,https://github.com/spotbugs/spotbugs/issues/1351
2021-6/23,2020-10/27,Question about License,https://github.com/spotbugs/spotbugs/issues/1355
2020-10/30,2020-10/28,How to write project specific script for Spotbugs ?,https://github.com/spotbugs/spotbugs/issues/1357
,2020-10/30,Wrong IC_SUPERCLASS_USES_SUBCLASS_DURING_INITIALIZATION Warning,https://github.com/spotbugs/spotbugs/issues/1360
,2020-11/2,No files to analyze could be opened,https://github.com/spotbugs/spotbugs/issues/1361
,2020-11/2,Spotbugs security check,https://github.com/spotbugs/spotbugs/issues/1362
2020-11/11,2020-11/5,Typo in japanese documentation ,https://github.com/spotbugs/spotbugs/issues/1364
2021-4/12,2020-11/9,Spotbugs 4.1.4 reports EQ_UNUSUAL on Java 15 record,https://github.com/spotbugs/spotbugs/issues/1367
2021-2/11,2020-11/10,UWF_NULL_FIELD doesn't report line number,https://github.com/spotbugs/spotbugs/issues/1368
,2020-11/12,The following classes needed for analysis were missing: void,https://github.com/spotbugs/spotbugs/issues/1372
,2020-11/13,InstructionActionCache cache not efficient,https://github.com/spotbugs/spotbugs/issues/1374
2020-11/24,2020-11/24,Display findings in the Problems view,https://github.com/spotbugs/spotbugs/issues/1377
2020-11/28,2020-11/27,EC_UNRELATED_TYPES is a non-issue if actual type is integer and expected type is double,https://github.com/spotbugs/spotbugs/issues/1379
,2020-11/30,WMI_WRONG_MAP_ITERATOR correctness issue with weakly consistent iterators ,https://github.com/spotbugs/spotbugs/issues/1381
,2020-12/9,"ignore @Generated, and a config option to filter by annotation",https://github.com/spotbugs/spotbugs/issues/1385
2022-9/5,2020-12/9,CFGBuilderException when assigning a long value in a constructor and running groovy 2.5.13,https://github.com/spotbugs/spotbugs/issues/1386
,2020-12/9,Java: findbugs:NP_NONNULL_PARAM_VIOLATION seems to be flawed,https://github.com/spotbugs/spotbugs/issues/1387
2020-12/15,2020-12/14,Out of bounds exception in IntelliJ plugin,https://github.com/spotbugs/spotbugs/issues/1389
2020-12/26,2020-12/17,Could not find com.github.spotbugs:spotbugs:4.6.0.,https://github.com/spotbugs/spotbugs/issues/1391
,2020-12/20,Want more explanation of the implementation of BIT_SIGNED_CHECK_HIGH_BIT,https://github.com/spotbugs/spotbugs/issues/1392
2021-2/5,2020-12/29,running with spotbugs.experimental.multiThread=true raises AssertionError,https://github.com/spotbugs/spotbugs/issues/1393
2021-1/5,2021-1/3,NP_NONNULL_PARAM_VIOLATION false-positive in CompletableFuture.completedStage(value),https://github.com/spotbugs/spotbugs/issues/1397
2021-11/11,2021-1/7,Add documentation for how visitors map to Bug Detections,https://github.com/spotbugs/spotbugs/issues/1400
,2021-1/14,False negative for uninitialized fields,https://github.com/spotbugs/spotbugs/issues/1405
2021-1/14,2021-1/14,Should complain about possible null dereference for field initialized to null,https://github.com/spotbugs/spotbugs/issues/1406
2021-2/11,2021-1/16,CE_CLASS_ENVY Method excessively uses methods of another class Java,https://github.com/spotbugs/spotbugs/issues/1407
2021-2/10,2021-1/18,Task spotbugsMain FAILED,https://github.com/spotbugs/spotbugs/issues/1408
2021-11/24,2021-1/26,java.lang.ClassNotFoundException: com.google.wireless.android.sdk.stats.IntellijIndexingStats$Index,https://github.com/spotbugs/spotbugs/issues/1410
2021-1/26,2021-1/26,java.lang.ClassNotFoundException: com.google.wireless.android.sdk.stats.IntellijIndexingStats$Index,https://github.com/spotbugs/spotbugs/issues/1411
,2021-1/26,SARIF output + unknown source filenames writes exceptions to stderr,https://github.com/spotbugs/spotbugs/issues/1412
2021-2/10,2021-1/31,Spotbugs as alternative to Lombok.,https://github.com/spotbugs/spotbugs/issues/1415
,2021-2/1,Schema Target Namespace,https://github.com/spotbugs/spotbugs/issues/1416
,2021-2/11,Bug ID vs Bug name,https://github.com/spotbugs/spotbugs/issues/1427
,2021-2/17,Eclipse Plugin doesn't properly support exclude filter files relative to the project,https://github.com/spotbugs/spotbugs/issues/1432
,2021-2/23,Can't build SpotBugs META-INF errors,https://github.com/spotbugs/spotbugs/issues/1440
,2021-2/25,FP NP_NONNULL_RETURN_VIOLATION on lambda method returning lambdas,https://github.com/spotbugs/spotbugs/issues/1441
,2021-3/3,java.lang.ClassNotFoundException: org.json.JSONObject at java.base/java.net.URLClassLoader.findClass(URLClassLoader.java:471),https://github.com/spotbugs/spotbugs/issues/1452
,2021-3/4,List of visitors that can be omitted,https://github.com/spotbugs/spotbugs/issues/1454
,2021-3/6,Support multi-release jar (mrjar),https://github.com/spotbugs/spotbugs/issues/1456
2021-3/11,2021-3/8,Match Package,https://github.com/spotbugs/spotbugs/issues/1460
2021-3/9,2021-3/8,Task :spotbugs:spotlessJavaCheck FAILED,https://github.com/spotbugs/spotbugs/issues/1461
2021-3/16,2021-3/11,Build fails under JDK 8 (fails to parse specification version number),https://github.com/spotbugs/spotbugs/issues/1462
2021-3/29,2021-3/12,Should issue warning for SecureRandom object  created and used only once,https://github.com/spotbugs/spotbugs/issues/1464
,2021-3/18,How to check how much time each bug type adds to the build,https://github.com/spotbugs/spotbugs/issues/1468
2021-3/25,2021-3/23,Inconsistency in SpotBugs Bug Description,https://github.com/spotbugs/spotbugs/issues/1470
,2021-3/24,SA_LOCAL_SELF_COMPUTATION bug,https://github.com/spotbugs/spotbugs/issues/1472
,2021-3/24,False negatives on SA_FIELD_SELF_COMPUTATION and SA_LOCAL_SELF_COMPUTATION,https://github.com/spotbugs/spotbugs/issues/1473
2021-8/10,2021-3/26,BugInfoView shouldn't use NO_BACKGROUND as style for Browser (regression in Eclipse 2021-03),https://github.com/spotbugs/spotbugs/issues/1477
,2020-2/10,New rule: Unexpected ThreadPoolExecutor usage,https://github.com/spotbugs/spotbugs/issues/1480
,2019-9/24, False report of Double.valueOf(),https://github.com/spotbugs/spotbugs/issues/1481
,2019-2/18,Improving Spotbugs XML Output,https://github.com/spotbugs/spotbugs/issues/1482
,2019-11/28,speed webgui vs textgui,https://github.com/spotbugs/spotbugs/issues/1483
,2018-8/17,Building a Dependency Graph,https://github.com/spotbugs/spotbugs/issues/1484
,2018-9/13,Implementing a plugin for Workfusion code?,https://github.com/spotbugs/spotbugs/issues/1485
,2021-3/29,spotbugs/sonar-findbugs issues reported on unchanged files,https://github.com/spotbugs/spotbugs/issues/1487
,2020-12/9,Command line with different behavior than GUI ,https://github.com/spotbugs/spotbugs/issues/1488
,2020-5/4,SpotBugs misunderstands resource management when using mock objects,https://github.com/spotbugs/spotbugs/issues/1489
,2020-10/22,Sort order of bugs when displayed in GUI vs how they are listed in project XML file,https://github.com/spotbugs/spotbugs/issues/1490
,2020-4/30,Bug rank absolute values?,https://github.com/spotbugs/spotbugs/issues/1491
,2020-4/29,Regex filter against bug text,https://github.com/spotbugs/spotbugs/issues/1492
2021-4/6,2021-4/1,Checking SpotBugs with another SpotBugs version?,https://github.com/spotbugs/spotbugs/issues/1493
,2021-4/3,Incomplete support (False negatives) on EQ_COMPARING_CLASS_NAMES,https://github.com/spotbugs/spotbugs/issues/1496
,2021-4/4,Inappropriate warnings in the context of write or log methods,https://github.com/spotbugs/spotbugs/issues/1497
2021-11/7,2021-4/4,False Negative for IM_MULTIPLYING_RESULT_OF_IREM on the official example,https://github.com/spotbugs/spotbugs/issues/1498
,2021-4/6,False negative on VA_FORMAT_STRING_USES_NEWLINE,https://github.com/spotbugs/spotbugs/issues/1501
2021-9/23,2021-4/10,False negative on DMI_RANDOM_USED_ONLY_ONCE,https://github.com/spotbugs/spotbugs/issues/1504
,2021-4/14,false-positive:useless object with （Loop to create a new node object）,https://github.com/spotbugs/spotbugs/issues/1509
,2021-4/14,incorrect detection of field not being written to,https://github.com/spotbugs/spotbugs/issues/1511
,2021-4/14,False Positive: Method may fail to clean up stream or resource,https://github.com/spotbugs/spotbugs/issues/1512
,2021-4/16,[JEP 411] Deprecate `DoInsideDoPrivileged` (`DP_DO_INSIDE_DO_PRIVILEGED` + `DP_CREATE_CLASSLOADER_INSIDE_DO_PRIVILEGED`),https://github.com/spotbugs/spotbugs/issues/1515
,2021-4/19,False negatives on DLS_OVERWRITTEN_INCREMENT,https://github.com/spotbugs/spotbugs/issues/1517
,2021-4/19,False negatives on RV_01_TO_INT,https://github.com/spotbugs/spotbugs/issues/1518
2021-4/19,2021-4/19,ㅇ,https://github.com/spotbugs/spotbugs/issues/1519
2021-4/22,2021-4/22,Inconsistent bug description on EQ_COMPARING_CLASS_NAMES,https://github.com/spotbugs/spotbugs/issues/1522
2021-7/23,2021-4/22,Inconsistent bug description on EQ_COMPARING_CLASS_NAMES,https://github.com/spotbugs/spotbugs/issues/1523
,2021-4/23,FindBugs VA_FORMAT_STRING_* rules,https://github.com/spotbugs/spotbugs/issues/1526
2021-4/28,2021-4/26,NP_NULL_ON_SOME_PATH_FROM_RETURN_VALUE false positive?,https://github.com/spotbugs/spotbugs/issues/1530
,2021-4/30,NP_NULL_ON_SOME_PATH_FROM_RETURN_VALUE false positve?,https://github.com/spotbugs/spotbugs/issues/1534
,2021-5/5,OpcodeStack.Item.sameValue() has redundant condition,https://github.com/spotbugs/spotbugs/issues/1538
2021-9/23,2021-5/5,False positive of `DMI_RANDOM_USED_ONLY_ONCE`,https://github.com/spotbugs/spotbugs/issues/1539
,2021-5/12,Generate sarif/html report with maven plugin,https://github.com/spotbugs/spotbugs/issues/1543
,2021-5/13,Incorrect line number reported,https://github.com/spotbugs/spotbugs/issues/1546
,2021-5/17,IT_NO_SUCH_ELEMENT false-positive,https://github.com/spotbugs/spotbugs/issues/1549
2021-5/18,2021-5/18,No line numbers in the reports,https://github.com/spotbugs/spotbugs/issues/1550
,2021-5/19,How can I analyze groovy source files?,https://github.com/spotbugs/spotbugs/issues/1552
2021-11/24,2021-5/21,edu.umd.cs.findbugs.classfile.ResourceNotFoundException: Resource not found: java/lang/Object.class at edu.umd.cs.findbugs.classfile.impl.ClassPathImpl.lookupResource(ClassPathImpl.java:162),https://github.com/spotbugs/spotbugs/issues/1553
2021-10/12,2021-5/22,java.lang.AssertionError: Out of bounds local variable index in [package].service.LoginService.getWhyLink()Ljava/lang/String; at com.h3xstream.findsecbugs.taintanalysis.TaintFrameModelingVisitor.setLocalVariableTaint(TaintFrameModelingVisitor.java:895),https://github.com/spotbugs/spotbugs/issues/1554
,2021-5/22,Eclipse Spotbugs Plugin has the slowest startup time of all plugins,https://github.com/spotbugs/spotbugs/issues/1555
,2021-5/25,Inconsistent errors highlighted for methods marked with org.jetbrains.annotations.NotNull,https://github.com/spotbugs/spotbugs/issues/1557
2021-5/26,2021-5/26,java.lang.AssertionError: Invalid VNA after location  927: astore_3[78](1) in basic block 5 in ... at edu.umd.cs.findbugs.ba.npe.IsNullValueAnalysis.transferInstruction(IsNullValueAnalysis.java:358),https://github.com/spotbugs/spotbugs/issues/1559
,2021-5/31,@SuppressFBWarnings ignored,https://github.com/spotbugs/spotbugs/issues/1560
2021-9/4,2021-6/1,edu.umd.cs.findbugs.classfile.ResourceNotFoundException: Resource not found: java/lang/Object.class at edu.umd.cs.findbugs.classfile.impl.ClassPathImpl.lookupResource(ClassPathImpl.java:162),https://github.com/spotbugs/spotbugs/issues/1562
,2021-6/2,SpotBugs: findbugs encountered a problem ,https://github.com/spotbugs/spotbugs/issues/1564
,2021-6/3,SpotBugs on Wikipedia is being redirected to Findbugs,https://github.com/spotbugs/spotbugs/issues/1565
,2021-6/4,New SEI Cert detectors,https://github.com/spotbugs/spotbugs/issues/1567
,2021-6/8,"False positive ""Uncallable method"" when declaring record within a method",https://github.com/spotbugs/spotbugs/issues/1569
2021-6/10,2021-6/9,Fails with OpenJDK 17-ea: Unsupported class file major version 61,https://github.com/spotbugs/spotbugs/issues/1570
2021-10/13,2021-6/10,"Unify words in Japanese docs: ""分析"" or ""解析""",https://github.com/spotbugs/spotbugs/issues/1573
2022-9/5,2021-6/13,System::setSecurityManager is deprecated and will be removed in a future JDK release,https://github.com/spotbugs/spotbugs/issues/1579
2021-6/20,2021-6/20,edu.umd.cs.findbugs.classfile.ResourceNotFoundException: Resource not found: java/lang/Object.class at edu.umd.cs.findbugs.classfile.impl.ClassPathImpl.lookupResource(ClassPathImpl.java:162),https://github.com/spotbugs/spotbugs/issues/1586
2021-6/24,2021-6/23,Snyk reports spotbugs-annotations' license as a warning:,https://github.com/spotbugs/spotbugs/issues/1589
,2021-6/24,JCIP @GuardedBy Annotation Not Being Tested?,https://github.com/spotbugs/spotbugs/issues/1590
,2021-7/1,try-with-resources and @CheckForNull,https://github.com/spotbugs/spotbugs/issues/1595
,2021-7/1,Error messages meaings,https://github.com/spotbugs/spotbugs/issues/1596
,2021-7/2,java.lang.AssertionError: Invalid VNA after location   38: new[187](3) 15 in basic block 19 in td.util.ResourceConsolidator.main(String[]) at edu.umd.cs.findbugs.ba.npe.IsNullValueAnalysis.transferInstruction(IsNullValueAnalysis.java:358),https://github.com/spotbugs/spotbugs/issues/1598
,2021-7/2,html report won't open after upgrade from 3.1.12 to 4.3.0,https://github.com/spotbugs/spotbugs/issues/1599
,2021-7/2,"empty main, with only a module-info throws",https://github.com/spotbugs/spotbugs/issues/1600
,2021-7/5,EI_EXPOSE_REP and EI_EXPOSE_REP2 occur if using Guava Immutable objects,https://github.com/spotbugs/spotbugs/issues/1601
2021-8/23,2021-7/5,Bug Info View is loading incomplete,https://github.com/spotbugs/spotbugs/issues/1602
2021-11/24,2021-7/6,"java.lang.AssertionError: Out of bounds mutables setErrorHintText(Ljava/lang/Exception;)V Method Config: com/google/common/base/Optional.or(Ljava/lang/Object;)Ljava/lang/Object;:0,1#2 at com.h3xstream.findsecbugs.taintanalysis.TaintFrameModelingVisitor.transferTaintToMutables(TaintFrameModelingVisitor.java:872)",https://github.com/spotbugs/spotbugs/issues/1604
,2021-7/6,EI_EXPOSE_STATIC_REP2 has code MS rather than EI,https://github.com/spotbugs/spotbugs/issues/1605
,2021-7/6,ResolveAllReferences visitor misses some missing classes,https://github.com/spotbugs/spotbugs/issues/1606
,2021-7/8,if  spotbugs -textui command support to test war file,https://github.com/spotbugs/spotbugs/issues/1609
,2021-7/13,Spotbugs ignores one particular `@SuppressFBWarnings` annotation.,https://github.com/spotbugs/spotbugs/issues/1613
,2021-7/16,Two False positives SA_LOCAL_SELF_COMPARISON + ES_COMPARING_STRINGS_WITH_EQ  when using instanceof pattern matching (jdk16),https://github.com/spotbugs/spotbugs/issues/1617
2021-7/23,2021-7/23,what's the meaning of startBytecode & endBytecode in XML file,https://github.com/spotbugs/spotbugs/issues/1620
2021-11/24,2021-7/27,Feature Request : Allow fail at end of scan,https://github.com/spotbugs/spotbugs/issues/1624
2021-11/24,2021-7/27,edu.umd.cs.findbugs.classfile.ResourceNotFoundException: Resource not found: java/lang/Object.class at edu.umd.cs.findbugs.classfile.impl.ClassPathImpl.lookupResource(ClassPathImpl.java:162),https://github.com/spotbugs/spotbugs/issues/1625
2021-7/29,2021-7/28,Consider removing DP_DO_INSIDE_DO_PRIVILEGED in light of Java 17's deprecation of SecurityManager,https://github.com/spotbugs/spotbugs/issues/1626
,2021-7/30,test-harness modules does not work with Java Module,https://github.com/spotbugs/spotbugs/issues/1627
2021-11/24,2021-8/2,edu.umd.cs.findbugs.classfile.ResourceNotFoundException: Resource not found: java/lang/Object.class at edu.umd.cs.findbugs.classfile.impl.ClassPathImpl.lookupResource(ClassPathImpl.java:162),https://github.com/spotbugs/spotbugs/issues/1629
2021-9/13,2021-8/2,Improving SARIF format for Github integration,https://github.com/spotbugs/spotbugs/issues/1630
2021-8/2,2021-8/2,EI_EXPOSE_REP and EI_EXPOSE_REP2 on Java immutable Objects,https://github.com/spotbugs/spotbugs/issues/1632
,2021-8/3,Accessors of type Duration fields being flagged as EI,https://github.com/spotbugs/spotbugs/issues/1634
,2021-8/5,spotbugs reports irreproducible across machines,https://github.com/spotbugs/spotbugs/issues/1638
2021-11/24,2021-8/5,edu.umd.cs.findbugs.classfile.ResourceNotFoundException: Resource not found: java/lang/Object.class at edu.umd.cs.findbugs.classfile.impl.ClassPathImpl.lookupResource(ClassPathImpl.java:162),https://github.com/spotbugs/spotbugs/issues/1640
,2021-8/8,[Java] A false negative about IL_INFINITE_RECURSIVE_LOOP,https://github.com/spotbugs/spotbugs/issues/1641
2021-10/12,2021-8/10,[Java] A false negative about NP_NONNULL_FIELD_NOT_INITIALIZED_IN_CONSTRUCTOR,https://github.com/spotbugs/spotbugs/issues/1642
2021-11/24,2021-8/10,edu.umd.cs.findbugs.classfile.ResourceNotFoundException: Resource not found: java/lang/Object.class at edu.umd.cs.findbugs.classfile.impl.ClassPathImpl.lookupResource(ClassPathImpl.java:162),https://github.com/spotbugs/spotbugs/issues/1643
2021-8/23,2021-8/20,Accessors of type java.net.URI fields being flagged as EI,https://github.com/spotbugs/spotbugs/issues/1653
2021-11/24,2021-8/20,edu.umd.cs.findbugs.classfile.ResourceNotFoundException: Resource not found: java/lang/Object.class at edu.umd.cs.findbugs.classfile.impl.ClassPathImpl.lookupResource(ClassPathImpl.java:162),https://github.com/spotbugs/spotbugs/issues/1655
,2021-8/21,"In the integration tests, SpotBugs does not recognize the FindBugs NonNull annotation",https://github.com/spotbugs/spotbugs/issues/1656
,2021-8/21,[false-negative] The Checker Framework annotations have no effect when used on types (ElementType.TYPE_USE),https://github.com/spotbugs/spotbugs/issues/1657
2021-10/14,2021-8/23,Remove verbose ExitCode logging,https://github.com/spotbugs/spotbugs/issues/1661
,2021-8/28,MS_EXPOSE_REP triggered for avro's BinaryMessageDecoder,https://github.com/spotbugs/spotbugs/issues/1669
,2021-8/31,The `runFull` / `run_at_full_build` flag doesn't behave correctly.,https://github.com/spotbugs/spotbugs/issues/1675
2021-9/15,2021-9/2,"""The following classes needed for analysis were missing""",https://github.com/spotbugs/spotbugs/issues/1680
,2021-9/2,Dead store in loops,https://github.com/spotbugs/spotbugs/issues/1681
2021-9/3,2021-9/2,spotbugs compatibility issue with NashornEngine with  jdk 11,https://github.com/spotbugs/spotbugs/issues/1682
,2021-1/8,missing makeConcatWithConstants ,https://github.com/spotbugs/spotbugs/issues/1683
2021-9/7,2021-9/6,BigDecimal is reported as mutable,https://github.com/spotbugs/spotbugs/issues/1685
,2021-9/8,ExcludeFilter configuration failed.,https://github.com/spotbugs/spotbugs/issues/1690
2021-9/9,2021-9/8,Support com.google.errorprone.annotations.Immutable,https://github.com/spotbugs/spotbugs/issues/1691
2021-9/13,2021-9/10,set `group` even in the root Gradle project,https://github.com/spotbugs/spotbugs/issues/1692
,2021-9/10,False Positive for RCN_REDUNDANT_NULLCHECK_WOULD_HAVE_BEEN_A_NPE in try-with-resources,https://github.com/spotbugs/spotbugs/issues/1694
,2021-9/10,Add an ImmutableField annotation,https://github.com/spotbugs/spotbugs/issues/1696
,2021-9/10,Recognize OpenDaylight's Immutable interface contract,https://github.com/spotbugs/spotbugs/issues/1697
2021-9/13,2021-9/12,add a CHANGELOG entry for #1688 and #1664,https://github.com/spotbugs/spotbugs/issues/1698
,2021-9/15,Spotbugs crashes if non-ASCII charatecters are used in Java identifiers or package names,https://github.com/spotbugs/spotbugs/issues/1707
2021-9/15,2021-9/15,"SpotBugs uses the SecurityManager, which is deprecated for removal as Java 17.",https://github.com/spotbugs/spotbugs/issues/1709
2021-9/21,2021-9/21,Unsupported class file major version 61 on OpenJDK17,https://github.com/spotbugs/spotbugs/issues/1718
2021-9/22,2021-9/22,Eclipse Spotbugs Marketplace points to dead link ,https://github.com/spotbugs/spotbugs/issues/1721
,2021-9/26,Is there a system property for ignoring SpotBugs' annotations in SonarQube,https://github.com/spotbugs/spotbugs/issues/1724
2021-11/24,2021-9/27,edu.umd.cs.findbugs.classfile.ResourceNotFoundException: Resource not found: java/lang/Object.class at edu.umd.cs.findbugs.classfile.impl.ClassPathImpl.lookupResource(ClassPathImpl.java:162),https://github.com/spotbugs/spotbugs/issues/1726
,2021-9/29,Which version of java should I use with this project?,https://github.com/spotbugs/spotbugs/issues/1730
2021-11/24,2021-10/1,edu.umd.cs.findbugs.classfile.ResourceNotFoundException: Resource not found: java/lang/Object.class at edu.umd.cs.findbugs.classfile.impl.ClassPathImpl.lookupResource(ClassPathImpl.java:162),https://github.com/spotbugs/spotbugs/issues/1733
,2021-10/4,Improve filtering functionality,https://github.com/spotbugs/spotbugs/issues/1737
,2021-10/8,New false positive for MS_EXPOSE_REP since 4.3.0 ,https://github.com/spotbugs/spotbugs/issues/1747
2021-10/11,2021-10/11,Warning when running on Java 17,https://github.com/spotbugs/spotbugs/issues/1748
2021-10/12,2021-10/12,java.lang.AssertionError: Out of bounds local variable index in com.jha.yhs.achwire.model.sql.generation.AchSqlSpec.$spock_feature_0_2()V at com.h3xstream.findsecbugs.taintanalysis.TaintFrameModelingVisitor.setLocalVariableTaint(TaintFrameModelingVisitor.java:895),https://github.com/spotbugs/spotbugs/issues/1749
2021-10/12,2021-10/12,java.lang.AssertionError: Out of bounds local variable index in static [package]AmountWindowType.values()[L[package]AmountWindowType; at com.h3xstream.findsecbugs.taintanalysis.TaintFrameModelingVisitor.setLocalVariableTaint(TaintFrameModelingVisitor.java:895),https://github.com/spotbugs/spotbugs/issues/1750
2021-10/23,2021-10/12,Issue with AbstractMessageSource class for methods getMessage in Spring 5,https://github.com/spotbugs/spotbugs/issues/1752
2021-12/14,2021-10/13,Signature check fail during Eclipse plugins install with Eclipse Oomph,https://github.com/spotbugs/spotbugs/issues/1754
,2021-10/21,A false negative about the rule BC_IMPOSSIBLE_DOWNCAST_OF_TOARRAY,https://github.com/spotbugs/spotbugs/issues/1759
2021-11/24,2021-10/21,edu.umd.cs.findbugs.classfile.ResourceNotFoundException: Resource not found: java/lang/Object.class at edu.umd.cs.findbugs.classfile.impl.ClassPathImpl.lookupResource(ClassPathImpl.java:162),https://github.com/spotbugs/spotbugs/issues/1761
2021-10/23,2021-10/22,A false positive about the rule DM_EXIT,https://github.com/spotbugs/spotbugs/issues/1763
2021-10/25,2021-10/22,A false negative about the rule ES_COMPARING_STRINGS_WITH_EQ,https://github.com/spotbugs/spotbugs/issues/1764
2021-10/23,2021-10/22,A false negative about the rule HE_HASHCODE_NO_EQUALS and an official testcase,https://github.com/spotbugs/spotbugs/issues/1765
,2021-10/22,New False Negative for DM_STRING_CTOR,https://github.com/spotbugs/spotbugs/issues/1766
2022-5/28,2021-10/22,New False Negative for DM_STRING_CTOR,https://github.com/spotbugs/spotbugs/issues/1767
2021-10/23,2021-10/22,False positive for RpC_REPEATED_CONDITIONAL_TEST,https://github.com/spotbugs/spotbugs/issues/1768
,2021-10/25,False positive EI_EXPOSE_REP when `java.util.Map.copyOf` is used,https://github.com/spotbugs/spotbugs/issues/1771
,2021-10/27,The redo analysis has problems,https://github.com/spotbugs/spotbugs/issues/1777
,2021-10/28,NP_NULL_ON_SOME_PATH_FROM_RETURN_VALUE with `@CheckForNull` annotation,https://github.com/spotbugs/spotbugs/issues/1778
,2021-10/28,GitHub Action for SpotBugs,https://github.com/spotbugs/spotbugs/issues/1779
,2021-11/2,SpotBugs Ant task has no SLF4J providers in runtime,https://github.com/spotbugs/spotbugs/issues/1790
,2021-11/2,more false positive redundant null checks,https://github.com/spotbugs/spotbugs/issues/1791
,2021-11/2,Source Filter does not work with directory names,https://github.com/spotbugs/spotbugs/issues/1792
2021-11/4,2021-11/3,Java 17 support for JEP 411: Deprecate the Security Manager for Removal,https://github.com/spotbugs/spotbugs/issues/1793
,2021-11/5,EI_EXPOSE_REP2 being reported based off purely on method name,https://github.com/spotbugs/spotbugs/issues/1797
,2021-11/5,"""Overly aggressive"" positive of CD_CIRCULAR_DEPENDENCY in the case of nested classes",https://github.com/spotbugs/spotbugs/issues/1798
,2021-11/8,Class fields are considered as initial argument,https://github.com/spotbugs/spotbugs/issues/1799
,2021-11/12,Report is not generated properly,https://github.com/spotbugs/spotbugs/issues/1804
,2021-11/12,False positive of DMI_RANDOM_USED_ONLY_ONCE,https://github.com/spotbugs/spotbugs/issues/1806
2021-12/31,2021-11/14,New Detector: Avoid method calls in Optional.orElse,https://github.com/spotbugs/spotbugs/issues/1807
2021-11/18,2021-11/15,4.5 - main.xml is no longer XML,https://github.com/spotbugs/spotbugs/issues/1809
,2021-11/16,A false positive about the rule DM_EXIT,https://github.com/spotbugs/spotbugs/issues/1811
,2021-11/16,False positive for MC_OVERRIDABLE_METHOD_CALL_IN_CONSTRUCTOR in final class?,https://github.com/spotbugs/spotbugs/issues/1812
,2021-11/17,A little bug,https://github.com/spotbugs/spotbugs/issues/1815
,2021-11/17,Make RV_DONT_JUST_NULL_CHECK_READLINE can detect MemoryCacheImageOutputStream,https://github.com/spotbugs/spotbugs/issues/1818
,2021-11/17,Make RV_DONT_JUST_NULL_CHECK_READLINE can detect FileCacheImageOutputStream,https://github.com/spotbugs/spotbugs/issues/1819
,2021-11/17,A false negative about the rule RV_DONT_JUST_NULL_CHECK_READLINE,https://github.com/spotbugs/spotbugs/issues/1820
,2021-11/17,A false negative about the rule RV_DONT_JUST_NULL_CHECK_READLINE,https://github.com/spotbugs/spotbugs/issues/1821
,2021-11/18,A Problem about NP_DEREFERENCE_OF_READLINE_VALUE rule and repo testcase,https://github.com/spotbugs/spotbugs/issues/1825
2021-11/19,2021-11/18,ExcludeBaseLineBug files configuration failed.,https://github.com/spotbugs/spotbugs/issues/1826
2021-11/21,2021-11/19,Spotbugs ant does not produce XML anymore,https://github.com/spotbugs/spotbugs/issues/1827
,2021-11/19,False positive of IM_MULTIPLYING_RESULT_OF_IREM,https://github.com/spotbugs/spotbugs/issues/1828
2021-11/24,2021-11/21,edu.umd.cs.findbugs.classfile.ResourceNotFoundException: Resource not found: java/lang/Object.class at edu.umd.cs.findbugs.classfile.impl.ClassPathImpl.lookupResource(ClassPathImpl.java:162),https://github.com/spotbugs/spotbugs/issues/1830
,2021-11/25,Failed to reproduce DM_BOXED_PRIMITIVE_FOR_COMPARE,https://github.com/spotbugs/spotbugs/issues/1835
2021-11/30,2021-11/25,edu.umd.cs.findbugs.classfile.ResourceNotFoundException: Resource not found: java/lang/Object.class at edu.umd.cs.findbugs.classfile.impl.ClassPathImpl.lookupResource(ClassPathImpl.java:162),https://github.com/spotbugs/spotbugs/issues/1836
,2021-12/1,NP_NONNULL_RETURN_VIOLATION: false positive when using String.formatted(),https://github.com/spotbugs/spotbugs/issues/1839
2021-12/2,2021-12/2,Cannot compile with Java 8,https://github.com/spotbugs/spotbugs/issues/1841
,2021-12/2,NP_NULL_ON_SOME_PATH_FROM_RETURN_VALUE: False Positive when using Guava,https://github.com/spotbugs/spotbugs/issues/1843
2021-12/5,2021-12/5,edu.umd.cs.findbugs.classfile.ResourceNotFoundException: Resource not found: java/lang/Object.class at edu.umd.cs.findbugs.classfile.impl.ClassPathImpl.lookupResource(ClassPathImpl.java:162),https://github.com/spotbugs/spotbugs/issues/1844
2021-12/6,2021-12/6,edu.umd.cs.findbugs.classfile.ResourceNotFoundException: Resource not found: java/lang/Object.class at edu.umd.cs.findbugs.classfile.impl.ClassPathImpl.lookupResource(ClassPathImpl.java:162),https://github.com/spotbugs/spotbugs/issues/1846
2022-8/17,2021-12/6,A False Negative about UCF_USELESS_CONTROL_FLOW,https://github.com/spotbugs/spotbugs/issues/1847
,2021-12/7,Spotbugs 4.5.x does not generate HTML report,https://github.com/spotbugs/spotbugs/issues/1853
,2021-12/8,Severity not reported in sarif report when used as a maven plugin,https://github.com/spotbugs/spotbugs/issues/1857
2021-12/11,2021-12/11,final,https://github.com/spotbugs/spotbugs/issues/1862
,2021-12/13,IL_INFINITE_LOOP cannot detect global variable,https://github.com/spotbugs/spotbugs/issues/1866
,2021-12/13,False positive MC_OVERRIDABLE_METHOD_CALL_IN_CONSTRUCTOR in constructor lambda,https://github.com/spotbugs/spotbugs/issues/1867
2022-1/25,2021-12/13,Release 4.5.2 to address CVE-2021-44228,https://github.com/spotbugs/spotbugs/issues/1868
,2021-12/14,New Java versions lead to FN about the rule DMI_INVOKING_TOSTRING_ON_ARRAY,https://github.com/spotbugs/spotbugs/issues/1874
,2021-12/15,VA_FORMAT_STRING_USES_NEWLINE - False positive in java 17 text block feature,https://github.com/spotbugs/spotbugs/issues/1877
2022-1/25,2021-12/18,Drop log4j from released distribution / Eclipse plugin,https://github.com/spotbugs/spotbugs/issues/1882
2021-12/22,2021-12/19,Mixed Kotlin/Java projects can produce classes that crash the tool due to strange class names,https://github.com/spotbugs/spotbugs/issues/1883
2021-12/31,2021-12/22,Failed to build under windows,https://github.com/spotbugs/spotbugs/issues/1889
2021-12/22,2021-12/22,Build failed,https://github.com/spotbugs/spotbugs/issues/1890
,2021-12/23,java.lang.InterruptedException at edu.umd.cs.findbugs.FindBugs2.lambda$analyzeApplication$1(FindBugs2.java:1100),https://github.com/spotbugs/spotbugs/issues/1891
,2021-12/26,Error processing opcode ldc_w @ 14 in jdk.nashorn.internal.objects.NativeArray.$clinit$,https://github.com/spotbugs/spotbugs/issues/1894
2021-12/28,2021-12/27,"9.2.1 ""all"" jar file missing?",https://github.com/spotbugs/spotbugs/issues/1895
,2022-1/3,Disabling unnecessary detectors in the Sonar plugin,https://github.com/spotbugs/spotbugs/issues/1898
,2022-1/3,Bogus RCN_REDUNDANT_NULLCHECK_OF_NONNULL_VALUE warning reported [TEST CASE],https://github.com/spotbugs/spotbugs/issues/1899
,2022-1/4,experimental bug included when extract xml result although excluded in the setting/preferences,https://github.com/spotbugs/spotbugs/issues/1900
2022-1/5,2022-1/5,FindOverridableMethodCall.visitBootstrapMethods(BootstrapMethods) contains invisible \u200b character,https://github.com/spotbugs/spotbugs/issues/1903
2022-1/5,2022-1/5,edu.umd.cs.findbugs.classfile.ResourceNotFoundException: Resource not found: java/lang/Object.class at edu.umd.cs.findbugs.classfile.impl.ClassPathImpl.lookupResource(ClassPathImpl.java:162),https://github.com/spotbugs/spotbugs/issues/1905
2022-1/25,2022-1/6,Spotbugs can't be compiled against JDK 1.8,https://github.com/spotbugs/spotbugs/issues/1906
,2022-1/7,Gradle v7 reports warning around build optimization,https://github.com/spotbugs/spotbugs/issues/1911
,2022-1/7,Nullable annotations to support simple contract,https://github.com/spotbugs/spotbugs/issues/1913
2022-1/12,2022-1/9,Move tests from spotbugs to spotbugs-tests project,https://github.com/spotbugs/spotbugs/issues/1914
,2022-1/11,False positive `RV_RETURN_VALUE_IGNORED_NO_SIDE_EFFECT` with `JsonObjectBuilder`,https://github.com/spotbugs/spotbugs/issues/1916
,2022-1/12,SARIF Invocation executionSuccesful flag shall honor failOnError option,https://github.com/spotbugs/spotbugs/issues/1918
2022-1/25,2022-1/12,Some detectors broken since 4.5.3.0,https://github.com/spotbugs/spotbugs/issues/1919
,2022-1/14,False positive on NP_NONNULL_PARAM_VIOLATION (?),https://github.com/spotbugs/spotbugs/issues/1923
2022-3/3,2022-1/14,edu.umd.cs.findbugs.classfile.ResourceNotFoundException: Resource not found: java/lang/Object.class at edu.umd.cs.findbugs.classfile.impl.ClassPathImpl.lookupResource(ClassPathImpl.java:162),https://github.com/spotbugs/spotbugs/issues/1924
2022-3/21,2022-1/17,Nested Archive traversal is too restrictive,https://github.com/spotbugs/spotbugs/issues/1925
2022-5/28,2022-1/18,False negatives on IO_INEFFICIENT_INDEX_OF,https://github.com/spotbugs/spotbugs/issues/1927
,2022-1/18,False negatives on DMI_USELESS_SUBSTRING,https://github.com/spotbugs/spotbugs/issues/1928
,2022-1/18,False negatives on DMI_HARDCODED_ABSOLUTE_FILENAME,https://github.com/spotbugs/spotbugs/issues/1929
2022-5/13,2022-1/19,debug symbols trigger false positive RCN_REDUNDANT_NULLCHECK_OF_NONNULL_VALUE on java11,https://github.com/spotbugs/spotbugs/issues/1931
,2022-1/26,False positive on NP_NULL_ON_SOME_PATH_FROM_RETURN_VALUE with array,https://github.com/spotbugs/spotbugs/issues/1938
2022-3/3,2022-2/1,edu.umd.cs.findbugs.classfile.ResourceNotFoundException: Resource not found: java/lang/Object.class at edu.umd.cs.findbugs.classfile.impl.ClassPathImpl.lookupResource(ClassPathImpl.java:162),https://github.com/spotbugs/spotbugs/issues/1940
2022-3/3,2022-2/1,edu.umd.cs.findbugs.classfile.ResourceNotFoundException: Resource not found: java/lang/Object.class at edu.umd.cs.findbugs.classfile.impl.ClassPathImpl.lookupResource(ClassPathImpl.java:162),https://github.com/spotbugs/spotbugs/issues/1941
,2022-2/5,"False positive against the ""instanceof"" with pattern matching (Java 16+ feature)",https://github.com/spotbugs/spotbugs/issues/1944
2022-3/15,2022-2/7,False positive on NM_CLASS_NAMING_CONVENTION,https://github.com/spotbugs/spotbugs/issues/1947
,2022-2/7,Saw MWN_MISMATCHED_NOTIFY false positive,https://github.com/spotbugs/spotbugs/issues/1949
2022-5/13,2022-2/8,Output report files are not truncated if they already exist,https://github.com/spotbugs/spotbugs/issues/1950
2022-2/17,2022-2/15,java.lang.InterruptedException at edu.umd.cs.findbugs.FindBugs2.lambda$analyzeApplication$1(FindBugs2.java:1100),https://github.com/spotbugs/spotbugs/issues/1953
,2022-2/16,False positive DCN_NULLPOINTER_EXCEPTION around Collection.contains(),https://github.com/spotbugs/spotbugs/issues/1954
,2022-3/1,DMI_HARDCODED_ABSOLUTE_FILENAME: Why?,https://github.com/spotbugs/spotbugs/issues/1958
,2022-3/4,"Possible false positive ( ""SA_FIELD_SELF_COMPARISON"" ) on Scala Project + Gradle",https://github.com/spotbugs/spotbugs/issues/1963
2022-3/8,2022-3/5,edu.umd.cs.findbugs.classfile.ResourceNotFoundException: Resource not found: java/lang/Object.class at edu.umd.cs.findbugs.classfile.impl.ClassPathImpl.lookupResource(ClassPathImpl.java:162),https://github.com/spotbugs/spotbugs/issues/1964
2022-3/8,2022-3/7,edu.umd.cs.findbugs.classfile.ResourceNotFoundException: Resource not found: java/lang/Object.class at edu.umd.cs.findbugs.classfile.impl.ClassPathImpl.lookupResource(ClassPathImpl.java:162),https://github.com/spotbugs/spotbugs/issues/1967
2022-3/8,2022-3/7,edu.umd.cs.findbugs.classfile.ResourceNotFoundException: Resource not found: java/lang/Object.class at edu.umd.cs.findbugs.classfile.impl.ClassPathImpl.lookupResource(ClassPathImpl.java:162),https://github.com/spotbugs/spotbugs/issues/1968
2022-3/12,2022-3/11,edu.umd.cs.findbugs.classfile.ResourceNotFoundException: Resource not found: java/lang/Object.class at edu.umd.cs.findbugs.classfile.impl.ClassPathImpl.lookupResource(ClassPathImpl.java:162),https://github.com/spotbugs/spotbugs/issues/1977
2022-4/7,2022-3/12,False Positive for SSD_DO_NOT_USE_INSTANCE_LOCK_ON_SHARED_STATIC_DATA,https://github.com/spotbugs/spotbugs/issues/1978
2022-3/15,2022-3/14,analyzeFromFile a.jar Code line number shows unknown,https://github.com/spotbugs/spotbugs/issues/1979
2022-4/7,2022-3/16,Runtime.getRuntime().exec oom,https://github.com/spotbugs/spotbugs/issues/1981
2022-3/16,2022-3/16,edu.umd.cs.findbugs.classfile.ResourceNotFoundException: Resource not found: java/lang/Object.class at edu.umd.cs.findbugs.classfile.impl.ClassPathImpl.lookupResource(ClassPathImpl.java:162),https://github.com/spotbugs/spotbugs/issues/1982
,2022-3/17,"SE_COMPARATOR_SHOULD_BE_SERIALIZABLE flagged for Arrays.{binarySearch,sort} lambdas",https://github.com/spotbugs/spotbugs/issues/1985
,2022-3/18,False-positive for UPM_UNCALLED_PRIVATE_METHOD in interface,https://github.com/spotbugs/spotbugs/issues/1988
2022-3/24,2022-3/20,"Does it support output documentation, marking out the location string of the error code?",https://github.com/spotbugs/spotbugs/issues/1989
,2022-3/21,NP_ALWAYS_NULL_EXCEPTION does not recognize Objects.nonNull as an acceptable null guard,https://github.com/spotbugs/spotbugs/issues/1991
,2022-3/22,Java 17 - False positive SA_LOCAL_SELF_COMPARISON when using instanceof pattern matching,https://github.com/spotbugs/spotbugs/issues/1992
2022-4/7,2022-3/27,Use parenthesis in  (x &amp; 1) == 1,https://github.com/spotbugs/spotbugs/issues/1995
2022-4/12,2022-4/9,Certificate expired,https://github.com/spotbugs/spotbugs/issues/2008
2022-4/11,2022-4/11,edu.umd.cs.findbugs.classfile.ResourceNotFoundException: Resource not found: java/lang/Object.class at edu.umd.cs.findbugs.classfile.impl.ClassPathImpl.lookupResource(ClassPathImpl.java:162),https://github.com/spotbugs/spotbugs/issues/2010
2022-4/11,2022-4/11,edu.umd.cs.findbugs.classfile.ResourceNotFoundException: Resource not found: java/lang/Object.class at edu.umd.cs.findbugs.classfile.impl.ClassPathImpl.lookupResource(ClassPathImpl.java:162),https://github.com/spotbugs/spotbugs/issues/2011
,2022-4/12,SpringEntityLeakDetector throws IllegalArgumentException for some Spring class since 4.5.3.0,https://github.com/spotbugs/spotbugs/issues/2012
2022-4/18,2022-4/17,Exception analyzing using detector FindPotentialSecurityCheckBasedOnUntrustedSource,https://github.com/spotbugs/spotbugs/issues/2017
2022-4/20,2022-4/18,Exception Can't get stack offset 0 from [],https://github.com/spotbugs/spotbugs/issues/2019
2022-6/1,2022-4/21,URLClassLoader leak in PluginLoader,https://github.com/spotbugs/spotbugs/issues/2024
,2022-4/25,False negative for RANGE_ARRAY_INDEX,https://github.com/spotbugs/spotbugs/issues/2029
,2022-4/25,A false negative about the rule NP_NULL_ON_SOME_PATH,https://github.com/spotbugs/spotbugs/issues/2030
,2022-4/25,Some values are exported incorrectly when saving XML using Eclipse Plugin,https://github.com/spotbugs/spotbugs/issues/2031
,2022-4/26,A false positive about the rule DM_GC,https://github.com/spotbugs/spotbugs/issues/2033
,2022-4/26,Two false negatives about the testing case in repo,https://github.com/spotbugs/spotbugs/issues/2034
,2022-4/26,False positive for NP_NULL_ON_SOME_PATH_FROM_RETURN_VALUE with String.substring,https://github.com/spotbugs/spotbugs/issues/2035
2022-5/6,2022-5/1,Can I get warning's column number by SpotBugs?,https://github.com/spotbugs/spotbugs/issues/2037
2022-5/31,2022-5/5,False positive for THROWS_METHOD_THROWS_CLAUSE_THROWABLE,https://github.com/spotbugs/spotbugs/issues/2040
,2022-5/5,NPE after updating to 4.7.0,https://github.com/spotbugs/spotbugs/issues/2041
,2022-5/6,MS_EXPOSE_REP cannot detect nested class,https://github.com/spotbugs/spotbugs/issues/2042
2022-5/23,2022-5/6,THROWS_METHOD_THROWS_CLAUSE_BASIC_EXCEPTION with generic Exception false positive,https://github.com/spotbugs/spotbugs/issues/2043
,2022-5/6,False positive for NP_NONNULL_FIELD_NOT_INITIALIZED_IN_CONSTRUCTOR,https://github.com/spotbugs/spotbugs/issues/2044
,2022-5/12,Specifying the same report multiple times results in output issues,https://github.com/spotbugs/spotbugs/issues/2047
2022-5/13,2022-5/12,Need help with running spotbugs in CLI mode,https://github.com/spotbugs/spotbugs/issues/2048
2022-5/13,2022-5/13,"VA_FORMAT_STRING_MISSING_ARGUMENT bug won't find by spotbugs, but findbugs can find. #432",https://github.com/spotbugs/spotbugs/issues/2049
2022-5/23,2022-5/13,THROWS_METHOD_THROWS_CLAUSE_BASIC_EXCEPTION false positive with super class,https://github.com/spotbugs/spotbugs/issues/2050
,2022-5/19,How to hide the <jar> in the report is very large and garbled,https://github.com/spotbugs/spotbugs/issues/2058
2022-5/19,2022-5/19,"Stuck on textui after command, thread stuck",https://github.com/spotbugs/spotbugs/issues/2059
,2022-5/20,Reimplement `ResourceValueFrame` as enum,https://github.com/spotbugs/spotbugs/issues/2061
2022-5/23,2022-5/23,False positive for THROWS_METHOD_THROWS_CLAUSE_BASIC_EXCEPTION when calling method that declares throwing Exception,https://github.com/spotbugs/spotbugs/issues/2062
2022-5/28,2022-5/24,edu.umd.cs.findbugs.classfile.ResourceNotFoundException: Resource not found: java/lang/Object.class at edu.umd.cs.findbugs.classfile.impl.ClassPathImpl.lookupResource(ClassPathImpl.java:162),https://github.com/spotbugs/spotbugs/issues/2064
,2022-5/24,Spotbugs gradle build failing on M1 mac,https://github.com/spotbugs/spotbugs/issues/2065
,2022-5/27,FL_FLOATS_AS_LOOP_COUNTERS: false positive in SpotBugs 4.7.0,https://github.com/spotbugs/spotbugs/issues/2071
2022-5/31,2022-5/31,There are lots of [error] during analysis,https://github.com/spotbugs/spotbugs/issues/2080
2022-6/2,2022-6/2,there are lots of [errorr] during analysis in 4.7.0,https://github.com/spotbugs/spotbugs/issues/2081
,2022-6/2,java.lang.InterruptedException at edu.umd.cs.findbugs.FindBugs2.lambda$analyzeApplication$1(FindBugs2.java:1100),https://github.com/spotbugs/spotbugs/issues/2082
,2022-6/4,EI_EXPOSE_REP false positive,https://github.com/spotbugs/spotbugs/issues/2083
2022-8/23,2022-6/5,edu.umd.cs.findbugs.classfile.ResourceNotFoundException: Resource not found: java/lang/Object.class at edu.umd.cs.findbugs.classfile.impl.ClassPathImpl.lookupResource(ClassPathImpl.java:162),https://github.com/spotbugs/spotbugs/issues/2084
2022-8/23,2022-6/7,edu.umd.cs.findbugs.classfile.ResourceNotFoundException: Resource not found: org/apache/jmeter/util/keystore/JmeterKeyStore.class at edu.umd.cs.findbugs.classfile.impl.ClassPathImpl.lookupResource(ClassPathImpl.java:162),https://github.com/spotbugs/spotbugs/issues/2086
2022-8/23,2022-6/7,edu.umd.cs.findbugs.classfile.ResourceNotFoundException: Resource not found: java/lang/Object.class at edu.umd.cs.findbugs.classfile.impl.ClassPathImpl.lookupResource(ClassPathImpl.java:162),https://github.com/spotbugs/spotbugs/issues/2088
,2022-6/9,False positive for `SSD_DO_NOT_USE_INSTANCE_LOCK_ON_SHARED_STATIC_DATA` and other problems with the report,https://github.com/spotbugs/spotbugs/issues/2089
2022-6/12,2022-6/12,edu.umd.cs.findbugs.classfile.ResourceNotFoundException: Resource not found: java/lang/Object.class at edu.umd.cs.findbugs.classfile.impl.ClassPathImpl.lookupResource(ClassPathImpl.java:162),https://github.com/spotbugs/spotbugs/issues/2091
,2022-6/16,Throwable detector complains about overriding finalize(),https://github.com/spotbugs/spotbugs/issues/2097
,2022-6/21,ExcludeBaseLineBug files configuration failed.,https://github.com/spotbugs/spotbugs/issues/2099
2022-8/23,2022-6/29,edu.umd.cs.findbugs.classfile.ResourceNotFoundException: Resource not found: java/lang/Object.class at edu.umd.cs.findbugs.classfile.impl.ClassPathImpl.lookupResource(ClassPathImpl.java:162),https://github.com/spotbugs/spotbugs/issues/2108
,2022-7/3,Potential Refactoring Estimate,https://github.com/spotbugs/spotbugs/issues/2111
,2022-7/9,https://spotbugs.readthedocs.io/en/latest/bugDescriptions.html#DM_DEFAULT_ENCODING page missing?,https://github.com/spotbugs/spotbugs/issues/2113
,2022-7/14,false-negative: java.nio.file.Files.readString(Path) should trigger DM_DEFAULT_ENCODING,https://github.com/spotbugs/spotbugs/issues/2114
,2022-7/14,Sarif report and SuppressFBWarnings,https://github.com/spotbugs/spotbugs/issues/2116
,2022-7/19,False positive EI_EXPOSE_REP when using List.copyOf,https://github.com/spotbugs/spotbugs/issues/2117
,2022-7/19,False negative about the rule NP_STORE_INTO_NONNULL_FIELD,https://github.com/spotbugs/spotbugs/issues/2118
,2022-7/22,"false positive for local record classes, local enum classes: UMAC_UNCALLABLE_METHOD_OF_ANONYMOUS_CLASS",https://github.com/spotbugs/spotbugs/issues/2120
,2022-7/24,Feature request: Teach SpotBugs what Thread.holdsLock() means,https://github.com/spotbugs/spotbugs/issues/2121
,2022-7/25,ExcludeBaseLineBug files configuration failed.,https://github.com/spotbugs/spotbugs/issues/2122
,2022-7/30,False positive for FL_FLOATS_AS_LOOP_COUNTERS,https://github.com/spotbugs/spotbugs/issues/2126
,2022-7/30,False positive: THROWS_METHOD_THROWS_CLAUSE_BASIC_EXCEPTION,https://github.com/spotbugs/spotbugs/issues/2127
,2022-7/31,False positive for DMI_RANDOM_USED_ONLY_ONCE with static Random object and lazy init,https://github.com/spotbugs/spotbugs/issues/2128
2022-8/23,2022-7/31,edu.umd.cs.findbugs.classfile.ResourceNotFoundException: Resource not found: java/lang/Object.class at edu.umd.cs.findbugs.classfile.impl.ClassPathImpl.lookupResource(ClassPathImpl.java:162),https://github.com/spotbugs/spotbugs/issues/2129
,2022-8/1,False positive for MSF_MUTABLE_SERVLET_FIELD,https://github.com/spotbugs/spotbugs/issues/2131
2022-8/8,2022-8/5,org.eclipse.jdt.core.compiler.InvalidInputException in MarkerUtil.initScanner,https://github.com/spotbugs/spotbugs/issues/2134
,2022-8/7,False negative about the rule SQL_BAD_RESULTSET_ACCESS in java,https://github.com/spotbugs/spotbugs/issues/2137
,2022-8/12,False positive EI_EXPOSE_REP when using Lombok @Singular annotation,https://github.com/spotbugs/spotbugs/issues/2140
2022-9/5,2022-8/17,An inconsistent detection result of  rule SA_FIELD_SELF_ASSIGNMENT,https://github.com/spotbugs/spotbugs/issues/2142
,2022-8/18,"""Can't find ClassInfo"" when looking at dependency",https://github.com/spotbugs/spotbugs/issues/2144
2022-9/1,2022-8/19,CFGBuilderException when assigning double or long in groovy constructor,https://github.com/spotbugs/spotbugs/issues/2145
2022-8/25,2022-8/22,A false negative about the rule INT_BAD_COMPARISON_WITH_INT_VALUE,https://github.com/spotbugs/spotbugs/issues/2147
2022-8/23,2022-8/22,edu.umd.cs.findbugs.classfile.ResourceNotFoundException: Resource not found: java/lang/Object.class at edu.umd.cs.findbugs.classfile.impl.ClassPathImpl.lookupResource(ClassPathImpl.java:162),https://github.com/spotbugs/spotbugs/issues/2148
2022-8/26,2022-8/26,edu.umd.cs.findbugs.classfile.ResourceNotFoundException: Resource not found: C:\Users\LukeChiL5400\Documents\Work\YB_CashMPS\codebase_git\trunk_develop\CPS-develop\target\classes\com\nv\commons\cache\PlayerCache.class at edu.umd.cs.findbugs.classfile.impl.SingleFileCodeBase.getClassDescriptor(SingleFileCodeBase.java:279),https://github.com/spotbugs/spotbugs/issues/2153
,2022-8/29,md5 severely compromised security,https://github.com/spotbugs/spotbugs/issues/2155
,2022-9/2,Spotbug Installation fails caused by error processing the signatures,https://github.com/spotbugs/spotbugs/issues/2164
